GPU 0: NVIDIA A40 (UUID: GPU-f0f10b2a-243e-fab6-d243-62c49f5286e0)
Torch 2.5.1 CUDA True NGPU 1
[paths] project_root=/beegfs-scratch/mla_group_01/workspace/mla_group_01/wsi-ssrl-rcc_project outputs_root=/beegfs-scratch/mla_group_01/workspace/mla_group_01/wsi-ssrl-rcc_project/outputs/mlruns
[paths] webdataset.rcc_v2: train=/beegfs-scratch/mla_group_01/workspace/mla_group_01/wsi-ssrl-rcc_project/data/processed/rcc_webdataset_v2/train val=/beegfs-scratch/mla_group_01/workspace/mla_group_01/wsi-ssrl-rcc_project/data/processed/rcc_webdataset_v2/val test=/beegfs-scratch/mla_group_01/workspace/mla_group_01/wsi-ssrl-rcc_project/data/processed/rcc_webdataset_v2/test
[paths] dataset_key=rcc_v2 -> train=/beegfs-scratch/mla_group_01/workspace/mla_group_01/wsi-ssrl-rcc_project/data/processed/rcc_webdataset_v2/train val=/beegfs-scratch/mla_group_01/workspace/mla_group_01/wsi-ssrl-rcc_project/data/processed/rcc_webdataset_v2/val test=/beegfs-scratch/mla_group_01/workspace/mla_group_01/wsi-ssrl-rcc_project/data/processed/rcc_webdataset_v2/test
[RUN][moco_v3] device=cuda
[moco_v3][step 2/5] ETA=00:01 dt/step=0.97s loss_info_nce=4.1585 loss_total=4.1585
[moco_v3][step 4/5] ETA=00:00 dt/step=1.59s loss_info_nce=4.2487 loss_total=4.2487
[RUN][moco_v3竊単ROBE] device=cuda
[paths] dataset_key=rcc_v2 -> train=/beegfs-scratch/mla_group_01/workspace/mla_group_01/wsi-ssrl-rcc_project/data/processed/rcc_webdataset_v2/train val=/beegfs-scratch/mla_group_01/workspace/mla_group_01/wsi-ssrl-rcc_project/data/processed/rcc_webdataset_v2/val test=/beegfs-scratch/mla_group_01/workspace/mla_group_01/wsi-ssrl-rcc_project/data/processed/rcc_webdataset_v2/test
[RUN][ibot] device=cuda
[ibot][step 2/5] ETA=00:01 dt/step=0.96s loss_cls=3044.8208 loss_tok=7143.9428 loss_total=10188.7636
[ibot][step 4/5] ETA=00:00 dt/step=1.67s loss_cls=2879.2126 loss_tok=7140.8524 loss_total=10020.0650
[RUN][ibot竊単ROBE] device=cuda
[paths] dataset_key=rcc_v2 -> train=/beegfs-scratch/mla_group_01/workspace/mla_group_01/wsi-ssrl-rcc_project/data/processed/rcc_webdataset_v2/train val=/beegfs-scratch/mla_group_01/workspace/mla_group_01/wsi-ssrl-rcc_project/data/processed/rcc_webdataset_v2/val test=/beegfs-scratch/mla_group_01/workspace/mla_group_01/wsi-ssrl-rcc_project/data/processed/rcc_webdataset_v2/test
[RUN][i_jepa] device=cuda
[i_jepa][step 2/5] ETA=00:00 dt/step=0.39s loss_ijepa=1.3353 loss_total=1.3353
[i_jepa][step 4/5] ETA=00:00 dt/step=0.46s loss_ijepa=1.2228 loss_total=1.2228
[RUN][i_jepa竊単ROBE] device=cuda
[paths] dataset_key=rcc_v2 -> train=/beegfs-scratch/mla_group_01/workspace/mla_group_01/wsi-ssrl-rcc_project/data/processed/rcc_webdataset_v2/train val=/beegfs-scratch/mla_group_01/workspace/mla_group_01/wsi-ssrl-rcc_project/data/processed/rcc_webdataset_v2/val test=/beegfs-scratch/mla_group_01/workspace/mla_group_01/wsi-ssrl-rcc_project/data/processed/rcc_webdataset_v2/test
[RUN][dino_v3] device=cuda
[dino_v3][step 2/5] ETA=00:01 dt/step=1.08s loss_global=29.7062 loss_gram=0.0083 loss_total=29.7145
[dino_v3][step 4/5] ETA=00:00 dt/step=2.03s loss_global=28.1620 loss_gram=0.0087 loss_total=28.1707
[RUN][dino_v3竊単ROBE] device=cuda
[paths] dataset_key=rcc_v2 -> train=/beegfs-scratch/mla_group_01/workspace/mla_group_01/wsi-ssrl-rcc_project/data/processed/rcc_webdataset_v2/train val=/beegfs-scratch/mla_group_01/workspace/mla_group_01/wsi-ssrl-rcc_project/data/processed/rcc_webdataset_v2/val test=/beegfs-scratch/mla_group_01/workspace/mla_group_01/wsi-ssrl-rcc_project/data/processed/rcc_webdataset_v2/test
[RUN][resnet50_scratch] device=cuda
[resnet50_scratch][train] [1/32] ETA=00:00:14 loss=1.7355 acc=0.3750 dt/step=0.22s
[resnet50_scratch][train] [2/32] ETA=00:00:07 loss=2.0992 acc=0.0000 dt/step=0.02s
[resnet50_scratch][train] [4/32] ETA=00:00:06 loss=1.8381 acc=0.2500 dt/step=0.02s
[resnet50_scratch][train] [6/32] ETA=00:00:06 loss=1.6675 acc=0.1250 dt/step=0.02s
[resnet50_scratch][train] [8/32] ETA=00:00:07 loss=2.4510 acc=0.2500 dt/step=0.02s
[resnet50_scratch][train] [10/32] ETA=00:00:08 loss=1.3434 acc=0.2500 dt/step=0.02s
[resnet50_scratch][train] [12/32] ETA=00:00:08 loss=3.1436 acc=0.2500 dt/step=0.02s
[resnet50_scratch][train] [14/32] ETA=00:00:08 loss=2.5881 acc=0.1250 dt/step=0.02s
[resnet50_scratch][train] [16/32] ETA=00:00:08 loss=1.3739 acc=0.5000 dt/step=0.02s
[resnet50_scratch][train] [18/32] ETA=00:00:08 loss=1.7492 acc=0.3750 dt/step=0.02s
[resnet50_scratch][train] [20/32] ETA=00:00:07 loss=1.4317 acc=0.1250 dt/step=0.02s
[resnet50_scratch][train] [22/32] ETA=00:00:06 loss=1.0548 acc=0.5000 dt/step=0.02s
[resnet50_scratch][train] [24/32] ETA=00:00:05 loss=1.5094 acc=0.2500 dt/step=0.02s
[resnet50_scratch][train] [26/32] ETA=00:00:04 loss=1.4852 acc=0.3750 dt/step=0.02s
[resnet50_scratch][train] [28/32] ETA=00:00:03 loss=1.6727 acc=0.2500 dt/step=0.02s
[resnet50_scratch][train] [30/32] ETA=00:00:01 loss=2.7088 acc=0.1250 dt/step=0.02s
[resnet50_scratch][train] [32/32] ETA=00:00:00 loss=1.2334 acc=0.5000 dt/step=0.02s
[resnet50_scratch][val] [1/32] ETA=00:00:07 loss=4.2974 acc=0.0000 dt/step=0.01s
[resnet50_scratch][val] [2/32] ETA=00:00:05 loss=3.5784 acc=0.0000 dt/step=0.00s
[resnet50_scratch][val] [4/32] ETA=00:00:06 loss=3.5024 acc=0.0000 dt/step=0.00s
[resnet50_scratch][val] [6/32] ETA=00:00:06 loss=3.7673 acc=0.0000 dt/step=0.00s
[resnet50_scratch][val] [8/32] ETA=00:00:07 loss=3.3528 acc=0.0000 dt/step=0.00s
[resnet50_scratch][val] [10/32] ETA=00:00:08 loss=3.6589 acc=0.0000 dt/step=0.00s
[resnet50_scratch][val] [12/32] ETA=00:00:08 loss=3.3220 acc=0.0000 dt/step=0.00s
[resnet50_scratch][val] [14/32] ETA=00:00:08 loss=3.1641 acc=0.0000 dt/step=0.00s
[resnet50_scratch][val] [16/32] ETA=00:00:08 loss=2.6323 acc=0.0000 dt/step=0.00s
[resnet50_scratch][val] [18/32] ETA=00:00:08 loss=3.8540 acc=0.0000 dt/step=0.00s
[resnet50_scratch][val] [20/32] ETA=00:00:07 loss=2.9711 acc=0.0000 dt/step=0.00s
[resnet50_scratch][val] [22/32] ETA=00:00:07 loss=3.6060 acc=0.0000 dt/step=0.00s
[resnet50_scratch][val] [24/32] ETA=00:00:06 loss=2.8813 acc=0.0000 dt/step=0.00s
[resnet50_scratch][val] [26/32] ETA=00:00:04 loss=2.8837 acc=0.0000 dt/step=0.00s
[resnet50_scratch][val] [28/32] ETA=00:00:03 loss=2.7823 acc=0.0000 dt/step=0.00s
[resnet50_scratch][val] [30/32] ETA=00:00:01 loss=3.6150 acc=0.0000 dt/step=0.00s
[resnet50_scratch][val] [32/32] ETA=00:00:00 loss=3.7109 acc=0.0000 dt/step=0.00s
[paths] dataset_key=rcc_v2 -> train=/beegfs-scratch/mla_group_01/workspace/mla_group_01/wsi-ssrl-rcc_project/data/processed/rcc_webdataset_v2/train val=/beegfs-scratch/mla_group_01/workspace/mla_group_01/wsi-ssrl-rcc_project/data/processed/rcc_webdataset_v2/val test=/beegfs-scratch/mla_group_01/workspace/mla_group_01/wsi-ssrl-rcc_project/data/processed/rcc_webdataset_v2/test
[RUN][resnet50_transfer] device=cuda
[resnet50_transfer][train] [1/32] ETA=00:00:07 loss=1.6643 acc=0.1250 dt/step=0.01s
[resnet50_transfer][train] [2/32] ETA=00:00:05 loss=1.6349 acc=0.0000 dt/step=0.01s
[resnet50_transfer][train] [4/32] ETA=00:00:06 loss=1.6132 acc=0.1250 dt/step=0.01s
[resnet50_transfer][train] [6/32] ETA=00:00:07 loss=1.7086 acc=0.2500 dt/step=0.01s
[resnet50_transfer][train] [8/32] ETA=00:00:08 loss=1.5232 acc=0.3750 dt/step=0.01s
[resnet50_transfer][train] [10/32] ETA=00:00:09 loss=1.3743 acc=0.3750 dt/step=0.01s
[resnet50_transfer][train] [12/32] ETA=00:00:09 loss=1.4802 acc=0.3750 dt/step=0.01s
[resnet50_transfer][train] [14/32] ETA=00:00:09 loss=1.6371 acc=0.1250 dt/step=0.01s
[resnet50_transfer][train] [16/32] ETA=00:00:09 loss=1.3920 acc=0.6250 dt/step=0.01s
[resnet50_transfer][train] [18/32] ETA=00:00:09 loss=1.4326 acc=0.3750 dt/step=0.01s
[resnet50_transfer][train] [20/32] ETA=00:00:08 loss=1.2510 acc=0.6250 dt/step=0.01s
