GPU 0: NVIDIA A40 (UUID: GPU-674db7f4-8686-63f1-bf93-effaf3fe4e31)
Torch 2.5.1 CUDA True NGPU 1
[paths] project_root=/beegfs-scratch/mla_group_01/workspace/mla_group_01/wsi-ssrl-rcc_project outputs_root=/beegfs-scratch/mla_group_01/workspace/mla_group_01/wsi-ssrl-rcc_project/outputs/mlruns
[paths] webdataset.rcc_v2: train=/beegfs-scratch/mla_group_01/workspace/mla_group_01/wsi-ssrl-rcc_project/data/processed/rcc_webdataset_v2/train val=/beegfs-scratch/mla_group_01/workspace/mla_group_01/wsi-ssrl-rcc_project/data/processed/rcc_webdataset_v2/val test=/beegfs-scratch/mla_group_01/workspace/mla_group_01/wsi-ssrl-rcc_project/data/processed/rcc_webdataset_v2/test
[paths] dataset_key=rcc_v2 -> train=/beegfs-scratch/mla_group_01/workspace/mla_group_01/wsi-ssrl-rcc_project/data/processed/rcc_webdataset_v2/train val=/beegfs-scratch/mla_group_01/workspace/mla_group_01/wsi-ssrl-rcc_project/data/processed/rcc_webdataset_v2/val test=/beegfs-scratch/mla_group_01/workspace/mla_group_01/wsi-ssrl-rcc_project/data/processed/rcc_webdataset_v2/test
[RUN][moco_v3] device=cuda
[moco_v3][step 2/5] ETA=00:01 dt/step=0.99s loss_info_nce=4.5529 loss_total=4.5529
[moco_v3][step 4/5] ETA=00:00 dt/step=1.65s loss_info_nce=4.5250 loss_total=4.5250
[RUN][moco_v3竊単ROBE] device=cuda
[paths] dataset_key=rcc_v2 -> train=/beegfs-scratch/mla_group_01/workspace/mla_group_01/wsi-ssrl-rcc_project/data/processed/rcc_webdataset_v2/train val=/beegfs-scratch/mla_group_01/workspace/mla_group_01/wsi-ssrl-rcc_project/data/processed/rcc_webdataset_v2/val test=/beegfs-scratch/mla_group_01/workspace/mla_group_01/wsi-ssrl-rcc_project/data/processed/rcc_webdataset_v2/test
[RUN][ibot] device=cuda
[ibot][step 2/5] ETA=00:01 dt/step=0.94s loss_cls=3111.5172 loss_tok=7144.9269 loss_total=10256.4438
[ibot][step 4/5] ETA=00:00 dt/step=1.70s loss_cls=2936.8741 loss_tok=7140.1271 loss_total=10077.0009
[RUN][ibot竊単ROBE] device=cuda
[paths] dataset_key=rcc_v2 -> train=/beegfs-scratch/mla_group_01/workspace/mla_group_01/wsi-ssrl-rcc_project/data/processed/rcc_webdataset_v2/train val=/beegfs-scratch/mla_group_01/workspace/mla_group_01/wsi-ssrl-rcc_project/data/processed/rcc_webdataset_v2/val test=/beegfs-scratch/mla_group_01/workspace/mla_group_01/wsi-ssrl-rcc_project/data/processed/rcc_webdataset_v2/test
[RUN][i_jepa] device=cuda
[i_jepa][step 2/5] ETA=00:00 dt/step=0.40s loss_ijepa=1.3416 loss_total=1.3416
[i_jepa][step 4/5] ETA=00:00 dt/step=0.44s loss_ijepa=1.1835 loss_total=1.1835
[RUN][i_jepa竊単ROBE] device=cuda
[paths] dataset_key=rcc_v2 -> train=/beegfs-scratch/mla_group_01/workspace/mla_group_01/wsi-ssrl-rcc_project/data/processed/rcc_webdataset_v2/train val=/beegfs-scratch/mla_group_01/workspace/mla_group_01/wsi-ssrl-rcc_project/data/processed/rcc_webdataset_v2/val test=/beegfs-scratch/mla_group_01/workspace/mla_group_01/wsi-ssrl-rcc_project/data/processed/rcc_webdataset_v2/test
[RUN][dino_v3] device=cuda
[dino_v3][step 2/5] ETA=00:01 dt/step=1.21s loss_global=27.2003 loss_gram=0.0097 loss_total=27.2100
[dino_v3][step 4/5] ETA=00:00 dt/step=2.05s loss_global=25.6890 loss_gram=0.0106 loss_total=25.6996
[RUN][dino_v3竊単ROBE] device=cuda
[paths] dataset_key=rcc_v2 -> train=/beegfs-scratch/mla_group_01/workspace/mla_group_01/wsi-ssrl-rcc_project/data/processed/rcc_webdataset_v2/train val=/beegfs-scratch/mla_group_01/workspace/mla_group_01/wsi-ssrl-rcc_project/data/processed/rcc_webdataset_v2/val test=/beegfs-scratch/mla_group_01/workspace/mla_group_01/wsi-ssrl-rcc_project/data/processed/rcc_webdataset_v2/test
[RUN][resnet50_scratch] device=cuda
[resnet50_scratch][train] [1/32] ETA=00:00:14 loss=2.1725 acc=0.1250 dt/step=0.22s
[resnet50_scratch][train] [2/32] ETA=00:00:07 loss=1.5729 acc=0.3750 dt/step=0.01s
[resnet50_scratch][train] [4/32] ETA=00:00:06 loss=1.8021 acc=0.3750 dt/step=0.01s
[resnet50_scratch][train] [6/32] ETA=00:00:06 loss=2.0912 acc=0.0000 dt/step=0.02s
[resnet50_scratch][train] [8/32] ETA=00:00:07 loss=2.0595 acc=0.1250 dt/step=0.02s
[resnet50_scratch][train] [10/32] ETA=00:00:08 loss=1.7376 acc=0.3750 dt/step=0.02s
[resnet50_scratch][train] [12/32] ETA=00:00:08 loss=2.7016 acc=0.1250 dt/step=0.02s
[resnet50_scratch][train] [14/32] ETA=00:00:08 loss=1.2554 acc=0.7500 dt/step=0.02s
[resnet50_scratch][train] [16/32] ETA=00:00:08 loss=2.8158 acc=0.0000 dt/step=0.02s
[resnet50_scratch][train] [18/32] ETA=00:00:08 loss=1.3601 acc=0.3750 dt/step=0.02s
[resnet50_scratch][train] [20/32] ETA=00:00:07 loss=1.9452 acc=0.2500 dt/step=0.02s
[resnet50_scratch][train] [22/32] ETA=00:00:06 loss=1.5616 acc=0.6250 dt/step=0.02s
[resnet50_scratch][train] [24/32] ETA=00:00:05 loss=2.1086 acc=0.2500 dt/step=0.02s
[resnet50_scratch][train] [26/32] ETA=00:00:04 loss=0.9713 acc=0.5000 dt/step=0.02s
[resnet50_scratch][train] [28/32] ETA=00:00:03 loss=1.5975 acc=0.3750 dt/step=0.02s
[resnet50_scratch][train] [30/32] ETA=00:00:01 loss=1.8696 acc=0.2500 dt/step=0.02s
[resnet50_scratch][train] [32/32] ETA=00:00:00 loss=1.2421 acc=0.2500 dt/step=0.02s
[resnet50_scratch][val] [1/32] ETA=00:00:07 loss=6.9824 acc=0.0000 dt/step=0.01s
[resnet50_scratch][val] [2/32] ETA=00:00:05 loss=6.8008 acc=0.0000 dt/step=0.00s
[resnet50_scratch][val] [4/32] ETA=00:00:06 loss=6.7119 acc=0.0000 dt/step=0.00s
[resnet50_scratch][val] [6/32] ETA=00:00:07 loss=7.5928 acc=0.0000 dt/step=0.00s
[resnet50_scratch][val] [8/32] ETA=00:00:07 loss=6.0176 acc=0.0000 dt/step=0.00s
[resnet50_scratch][val] [10/32] ETA=00:00:08 loss=5.9536 acc=0.0000 dt/step=0.00s
[resnet50_scratch][val] [12/32] ETA=00:00:08 loss=5.6152 acc=0.0000 dt/step=0.00s
[resnet50_scratch][val] [14/32] ETA=00:00:08 loss=6.4717 acc=0.0000 dt/step=0.00s
[resnet50_scratch][val] [16/32] ETA=00:00:08 loss=6.3315 acc=0.0000 dt/step=0.00s
[resnet50_scratch][val] [18/32] ETA=00:00:08 loss=5.6355 acc=0.0000 dt/step=0.00s
[resnet50_scratch][val] [20/32] ETA=00:00:08 loss=5.9883 acc=0.0000 dt/step=0.00s
[resnet50_scratch][val] [22/32] ETA=00:00:07 loss=5.1150 acc=0.0000 dt/step=0.00s
[resnet50_scratch][val] [24/32] ETA=00:00:06 loss=5.2246 acc=0.0000 dt/step=0.00s
[resnet50_scratch][val] [26/32] ETA=00:00:05 loss=6.2483 acc=0.0000 dt/step=0.00s
[resnet50_scratch][val] [28/32] ETA=00:00:03 loss=4.9263 acc=0.0000 dt/step=0.00s
[resnet50_scratch][val] [30/32] ETA=00:00:01 loss=5.4736 acc=0.0000 dt/step=0.00s
[resnet50_scratch][val] [32/32] ETA=00:00:00 loss=6.0330 acc=0.0000 dt/step=0.00s
[paths] dataset_key=rcc_v2 -> train=/beegfs-scratch/mla_group_01/workspace/mla_group_01/wsi-ssrl-rcc_project/data/processed/rcc_webdataset_v2/train val=/beegfs-scratch/mla_group_01/workspace/mla_group_01/wsi-ssrl-rcc_project/data/processed/rcc_webdataset_v2/val test=/beegfs-scratch/mla_group_01/workspace/mla_group_01/wsi-ssrl-rcc_project/data/processed/rcc_webdataset_v2/test
[RUN][resnet50_transfer] device=cuda
[resnet50_transfer][train] [1/32] ETA=00:00:08 loss=1.6970 acc=0.0000 dt/step=0.01s
[resnet50_transfer][train] [2/32] ETA=00:00:06 loss=1.6205 acc=0.1250 dt/step=0.01s
[resnet50_transfer][train] [4/32] ETA=00:00:06 loss=1.5748 acc=0.3750 dt/step=0.01s
[resnet50_transfer][train] [6/32] ETA=00:00:07 loss=1.5242 acc=0.3750 dt/step=0.01s
[resnet50_transfer][train] [8/32] ETA=00:00:08 loss=1.5557 acc=0.1250 dt/step=0.01s
[resnet50_transfer][train] [10/32] ETA=00:00:09 loss=1.4802 acc=0.5000 dt/step=0.01s
[resnet50_transfer][train] [12/32] ETA=00:00:09 loss=1.4525 acc=0.5000 dt/step=0.01s
[resnet50_transfer][train] [14/32] ETA=00:00:10 loss=1.4626 acc=0.3750 dt/step=0.01s
[resnet50_transfer][train] [16/32] ETA=00:00:10 loss=1.6582 acc=0.2500 dt/step=0.01s
[resnet50_transfer][train] [18/32] ETA=00:00:09 loss=1.4141 acc=0.3750 dt/step=0.01s
[resnet50_transfer][train] [20/32] ETA=00:00:09 loss=1.3340 acc=0.6250 dt/step=0.01s
[resnet50_transfer][train] [22/32] ETA=00:00:08 loss=1.3411 acc=0.6250 dt/step=0.01s
[resnet50_transfer][train] [24/32] ETA=00:00:07 loss=1.1793 acc=0.8750 dt/step=0.01s
[resnet50_transfer][train] [26/32] ETA=00:00:05 loss=1.3205 acc=0.5000 dt/step=0.01s
[resnet50_transfer][train] [28/32] ETA=00:00:04 loss=1.4044 acc=0.5000 dt/step=0.01s
[resnet50_transfer][train] [30/32] ETA=00:00:02 loss=1.3168 acc=0.3750 dt/step=0.01s
[resnet50_transfer][train] [32/32] ETA=00:00:00 loss=1.4569 acc=0.0000 dt/step=0.01s
[resnet50_transfer][val] [1/32] ETA=00:00:08 loss=1.0619 acc=1.0000 dt/step=0.01s
[resnet50_transfer][val] [2/32] ETA=00:00:06 loss=1.5081 acc=0.0000 dt/step=0.01s
[resnet50_transfer][val] [4/32] ETA=00:00:07 loss=1.4663 acc=0.0000 dt/step=0.01s
[resnet50_transfer][val] [6/32] ETA=00:00:08 loss=1.4202 acc=0.0000 dt/step=0.01s
[resnet50_transfer][val] [8/32] ETA=00:00:09 loss=1.3430 acc=0.1250 dt/step=0.01s
[resnet50_transfer][val] [10/32] ETA=00:00:09 loss=1.3697 acc=0.1250 dt/step=0.01s
[resnet50_transfer][val] [12/32] ETA=00:00:10 loss=1.3708 acc=0.2500 dt/step=0.01s
[resnet50_transfer][val] [14/32] ETA=00:00:10 loss=1.2108 acc=0.6250 dt/step=0.01s
[resnet50_transfer][val] [16/32] ETA=00:00:10 loss=1.2041 acc=0.6250 dt/step=0.01s
[resnet50_transfer][val] [18/32] ETA=00:00:10 loss=1.2166 acc=0.7500 dt/step=0.01s
[resnet50_transfer][val] [20/32] ETA=00:00:09 loss=1.0338 acc=1.0000 dt/step=0.01s
[resnet50_transfer][val] [22/32] ETA=00:00:08 loss=0.9988 acc=0.7500 dt/step=0.01s
[resnet50_transfer][val] [24/32] ETA=00:00:07 loss=0.9924 acc=0.8750 dt/step=0.01s
[resnet50_transfer][val] [26/32] ETA=00:00:05 loss=1.0410 acc=0.7500 dt/step=0.00s
[resnet50_transfer][val] [28/32] ETA=00:00:04 loss=1.0172 acc=1.0000 dt/step=0.00s
[resnet50_transfer][val] [30/32] ETA=00:00:02 loss=1.0571 acc=0.7500 dt/step=0.00s
[resnet50_transfer][val] [32/32] ETA=00:00:00 loss=1.0665 acc=1.0000 dt/step=0.00s
