Requirement already satisfied: pip in ./.venv/lib/python3.9/site-packages (25.3)
Requirement already satisfied: torch>=2.5.0 in ./.venv/lib/python3.9/site-packages (from -r /home/mla_group_01/rcc-ssrl/src/training/requirements.txt (line 1)) (2.5.1+cu121)
Requirement already satisfied: torchvision>=0.20.0 in ./.venv/lib/python3.9/site-packages (from -r /home/mla_group_01/rcc-ssrl/src/training/requirements.txt (line 2)) (0.20.1+cu121)
Requirement already satisfied: torchaudio>=2.5.0 in ./.venv/lib/python3.9/site-packages (from -r /home/mla_group_01/rcc-ssrl/src/training/requirements.txt (line 3)) (2.5.1+cu121)
Requirement already satisfied: webdataset<1.0,>=0.2.100 in ./.venv/lib/python3.9/site-packages (from -r /home/mla_group_01/rcc-ssrl/src/training/requirements.txt (line 4)) (0.2.100)
Requirement already satisfied: braceexpand>=0.1.7 in ./.venv/lib/python3.9/site-packages (from -r /home/mla_group_01/rcc-ssrl/src/training/requirements.txt (line 5)) (0.1.7)
Requirement already satisfied: pyarrow>=15.0.2 in ./.venv/lib/python3.9/site-packages (from -r /home/mla_group_01/rcc-ssrl/src/training/requirements.txt (line 6)) (20.0.0)
Requirement already satisfied: pandas>=2.3.3 in ./.venv/lib/python3.9/site-packages (from -r /home/mla_group_01/rcc-ssrl/src/training/requirements.txt (line 7)) (2.3.3)
Requirement already satisfied: scikit-learn>=1.4.2 in ./.venv/lib/python3.9/site-packages (from -r /home/mla_group_01/rcc-ssrl/src/training/requirements.txt (line 8)) (1.6.1)
Requirement already satisfied: pyyaml>=6.0 in ./.venv/lib/python3.9/site-packages (from -r /home/mla_group_01/rcc-ssrl/src/training/requirements.txt (line 9)) (6.0.3)
Requirement already satisfied: matplotlib>=3.9.0 in ./.venv/lib/python3.9/site-packages (from -r /home/mla_group_01/rcc-ssrl/src/training/requirements.txt (line 10)) (3.9.4)
Requirement already satisfied: seaborn>=0.13.0 in ./.venv/lib/python3.9/site-packages (from -r /home/mla_group_01/rcc-ssrl/src/training/requirements.txt (line 11)) (0.13.2)
Requirement already satisfied: mlflow>=3.1.0 in ./.venv/lib/python3.9/site-packages (from -r /home/mla_group_01/rcc-ssrl/src/training/requirements.txt (line 12)) (3.1.4)
Requirement already satisfied: umap-learn>=0.5.6 in ./.venv/lib/python3.9/site-packages (from -r /home/mla_group_01/rcc-ssrl/src/training/requirements.txt (line 13)) (0.5.9.post2)
Requirement already satisfied: timm>=1.0.7 in ./.venv/lib/python3.9/site-packages (from -r /home/mla_group_01/rcc-ssrl/src/training/requirements.txt (line 14)) (1.0.21)
Requirement already satisfied: numpy in ./.venv/lib/python3.9/site-packages (from webdataset<1.0,>=0.2.100->-r /home/mla_group_01/rcc-ssrl/src/training/requirements.txt (line 4)) (2.0.2)
Requirement already satisfied: filelock in ./.venv/lib/python3.9/site-packages (from torch>=2.5.0->-r /home/mla_group_01/rcc-ssrl/src/training/requirements.txt (line 1)) (3.19.1)
Requirement already satisfied: typing-extensions>=4.8.0 in ./.venv/lib/python3.9/site-packages (from torch>=2.5.0->-r /home/mla_group_01/rcc-ssrl/src/training/requirements.txt (line 1)) (4.15.0)
Requirement already satisfied: networkx in ./.venv/lib/python3.9/site-packages (from torch>=2.5.0->-r /home/mla_group_01/rcc-ssrl/src/training/requirements.txt (line 1)) (3.2.1)
Requirement already satisfied: jinja2 in ./.venv/lib/python3.9/site-packages (from torch>=2.5.0->-r /home/mla_group_01/rcc-ssrl/src/training/requirements.txt (line 1)) (3.1.6)
Requirement already satisfied: fsspec in ./.venv/lib/python3.9/site-packages (from torch>=2.5.0->-r /home/mla_group_01/rcc-ssrl/src/training/requirements.txt (line 1)) (2025.9.0)
Requirement already satisfied: nvidia-cuda-nvrtc-cu12==12.1.105 in ./.venv/lib/python3.9/site-packages (from torch>=2.5.0->-r /home/mla_group_01/rcc-ssrl/src/training/requirements.txt (line 1)) (12.1.105)
Requirement already satisfied: nvidia-cuda-runtime-cu12==12.1.105 in ./.venv/lib/python3.9/site-packages (from torch>=2.5.0->-r /home/mla_group_01/rcc-ssrl/src/training/requirements.txt (line 1)) (12.1.105)
Requirement already satisfied: nvidia-cuda-cupti-cu12==12.1.105 in ./.venv/lib/python3.9/site-packages (from torch>=2.5.0->-r /home/mla_group_01/rcc-ssrl/src/training/requirements.txt (line 1)) (12.1.105)
Requirement already satisfied: nvidia-cudnn-cu12==9.1.0.70 in ./.venv/lib/python3.9/site-packages (from torch>=2.5.0->-r /home/mla_group_01/rcc-ssrl/src/training/requirements.txt (line 1)) (9.1.0.70)
Requirement already satisfied: nvidia-cublas-cu12==12.1.3.1 in ./.venv/lib/python3.9/site-packages (from torch>=2.5.0->-r /home/mla_group_01/rcc-ssrl/src/training/requirements.txt (line 1)) (12.1.3.1)
Requirement already satisfied: nvidia-cufft-cu12==11.0.2.54 in ./.venv/lib/python3.9/site-packages (from torch>=2.5.0->-r /home/mla_group_01/rcc-ssrl/src/training/requirements.txt (line 1)) (11.0.2.54)
Requirement already satisfied: nvidia-curand-cu12==10.3.2.106 in ./.venv/lib/python3.9/site-packages (from torch>=2.5.0->-r /home/mla_group_01/rcc-ssrl/src/training/requirements.txt (line 1)) (10.3.2.106)
Requirement already satisfied: nvidia-cusolver-cu12==11.4.5.107 in ./.venv/lib/python3.9/site-packages (from torch>=2.5.0->-r /home/mla_group_01/rcc-ssrl/src/training/requirements.txt (line 1)) (11.4.5.107)
Requirement already satisfied: nvidia-cusparse-cu12==12.1.0.106 in ./.venv/lib/python3.9/site-packages (from torch>=2.5.0->-r /home/mla_group_01/rcc-ssrl/src/training/requirements.txt (line 1)) (12.1.0.106)
Requirement already satisfied: nvidia-nccl-cu12==2.21.5 in ./.venv/lib/python3.9/site-packages (from torch>=2.5.0->-r /home/mla_group_01/rcc-ssrl/src/training/requirements.txt (line 1)) (2.21.5)
Requirement already satisfied: nvidia-nvtx-cu12==12.1.105 in ./.venv/lib/python3.9/site-packages (from torch>=2.5.0->-r /home/mla_group_01/rcc-ssrl/src/training/requirements.txt (line 1)) (12.1.105)
Requirement already satisfied: triton==3.1.0 in ./.venv/lib/python3.9/site-packages (from torch>=2.5.0->-r /home/mla_group_01/rcc-ssrl/src/training/requirements.txt (line 1)) (3.1.0)
Requirement already satisfied: sympy==1.13.1 in ./.venv/lib/python3.9/site-packages (from torch>=2.5.0->-r /home/mla_group_01/rcc-ssrl/src/training/requirements.txt (line 1)) (1.13.1)
Requirement already satisfied: nvidia-nvjitlink-cu12 in ./.venv/lib/python3.9/site-packages (from nvidia-cusolver-cu12==11.4.5.107->torch>=2.5.0->-r /home/mla_group_01/rcc-ssrl/src/training/requirements.txt (line 1)) (12.8.93)
Requirement already satisfied: mpmath<1.4,>=1.1.0 in ./.venv/lib/python3.9/site-packages (from sympy==1.13.1->torch>=2.5.0->-r /home/mla_group_01/rcc-ssrl/src/training/requirements.txt (line 1)) (1.3.0)
Requirement already satisfied: pillow!=8.3.*,>=5.3.0 in ./.venv/lib/python3.9/site-packages (from torchvision>=0.20.0->-r /home/mla_group_01/rcc-ssrl/src/training/requirements.txt (line 2)) (11.3.0)
Requirement already satisfied: python-dateutil>=2.8.2 in ./.venv/lib/python3.9/site-packages (from pandas>=2.3.3->-r /home/mla_group_01/rcc-ssrl/src/training/requirements.txt (line 7)) (2.9.0.post0)
Requirement already satisfied: pytz>=2020.1 in ./.venv/lib/python3.9/site-packages (from pandas>=2.3.3->-r /home/mla_group_01/rcc-ssrl/src/training/requirements.txt (line 7)) (2025.2)
Requirement already satisfied: tzdata>=2022.7 in ./.venv/lib/python3.9/site-packages (from pandas>=2.3.3->-r /home/mla_group_01/rcc-ssrl/src/training/requirements.txt (line 7)) (2025.2)
Requirement already satisfied: scipy>=1.6.0 in ./.venv/lib/python3.9/site-packages (from scikit-learn>=1.4.2->-r /home/mla_group_01/rcc-ssrl/src/training/requirements.txt (line 8)) (1.13.1)
Requirement already satisfied: joblib>=1.2.0 in ./.venv/lib/python3.9/site-packages (from scikit-learn>=1.4.2->-r /home/mla_group_01/rcc-ssrl/src/training/requirements.txt (line 8)) (1.5.2)
Requirement already satisfied: threadpoolctl>=3.1.0 in ./.venv/lib/python3.9/site-packages (from scikit-learn>=1.4.2->-r /home/mla_group_01/rcc-ssrl/src/training/requirements.txt (line 8)) (3.6.0)
Requirement already satisfied: contourpy>=1.0.1 in ./.venv/lib/python3.9/site-packages (from matplotlib>=3.9.0->-r /home/mla_group_01/rcc-ssrl/src/training/requirements.txt (line 10)) (1.3.0)
Requirement already satisfied: cycler>=0.10 in ./.venv/lib/python3.9/site-packages (from matplotlib>=3.9.0->-r /home/mla_group_01/rcc-ssrl/src/training/requirements.txt (line 10)) (0.12.1)
Requirement already satisfied: fonttools>=4.22.0 in ./.venv/lib/python3.9/site-packages (from matplotlib>=3.9.0->-r /home/mla_group_01/rcc-ssrl/src/training/requirements.txt (line 10)) (4.60.1)
Requirement already satisfied: kiwisolver>=1.3.1 in ./.venv/lib/python3.9/site-packages (from matplotlib>=3.9.0->-r /home/mla_group_01/rcc-ssrl/src/training/requirements.txt (line 10)) (1.4.7)
Requirement already satisfied: packaging>=20.0 in ./.venv/lib/python3.9/site-packages (from matplotlib>=3.9.0->-r /home/mla_group_01/rcc-ssrl/src/training/requirements.txt (line 10)) (25.0)
Requirement already satisfied: pyparsing>=2.3.1 in ./.venv/lib/python3.9/site-packages (from matplotlib>=3.9.0->-r /home/mla_group_01/rcc-ssrl/src/training/requirements.txt (line 10)) (3.2.5)
Requirement already satisfied: importlib-resources>=3.2.0 in ./.venv/lib/python3.9/site-packages (from matplotlib>=3.9.0->-r /home/mla_group_01/rcc-ssrl/src/training/requirements.txt (line 10)) (6.5.2)
Requirement already satisfied: mlflow-skinny==3.1.4 in ./.venv/lib/python3.9/site-packages (from mlflow>=3.1.0->-r /home/mla_group_01/rcc-ssrl/src/training/requirements.txt (line 12)) (3.1.4)
Requirement already satisfied: Flask<4 in ./.venv/lib/python3.9/site-packages (from mlflow>=3.1.0->-r /home/mla_group_01/rcc-ssrl/src/training/requirements.txt (line 12)) (3.1.2)
Requirement already satisfied: alembic!=1.10.0,<2 in ./.venv/lib/python3.9/site-packages (from mlflow>=3.1.0->-r /home/mla_group_01/rcc-ssrl/src/training/requirements.txt (line 12)) (1.16.5)
Requirement already satisfied: docker<8,>=4.0.0 in ./.venv/lib/python3.9/site-packages (from mlflow>=3.1.0->-r /home/mla_group_01/rcc-ssrl/src/training/requirements.txt (line 12)) (7.1.0)
Requirement already satisfied: graphene<4 in ./.venv/lib/python3.9/site-packages (from mlflow>=3.1.0->-r /home/mla_group_01/rcc-ssrl/src/training/requirements.txt (line 12)) (3.4.3)
Requirement already satisfied: gunicorn<24 in ./.venv/lib/python3.9/site-packages (from mlflow>=3.1.0->-r /home/mla_group_01/rcc-ssrl/src/training/requirements.txt (line 12)) (23.0.0)
Requirement already satisfied: sqlalchemy<3,>=1.4.0 in ./.venv/lib/python3.9/site-packages (from mlflow>=3.1.0->-r /home/mla_group_01/rcc-ssrl/src/training/requirements.txt (line 12)) (2.0.44)
Requirement already satisfied: cachetools<7,>=5.0.0 in ./.venv/lib/python3.9/site-packages (from mlflow-skinny==3.1.4->mlflow>=3.1.0->-r /home/mla_group_01/rcc-ssrl/src/training/requirements.txt (line 12)) (6.2.1)
Requirement already satisfied: click<9,>=7.0 in ./.venv/lib/python3.9/site-packages (from mlflow-skinny==3.1.4->mlflow>=3.1.0->-r /home/mla_group_01/rcc-ssrl/src/training/requirements.txt (line 12)) (8.1.8)
Requirement already satisfied: cloudpickle<4 in ./.venv/lib/python3.9/site-packages (from mlflow-skinny==3.1.4->mlflow>=3.1.0->-r /home/mla_group_01/rcc-ssrl/src/training/requirements.txt (line 12)) (3.1.1)
Requirement already satisfied: databricks-sdk<1,>=0.20.0 in ./.venv/lib/python3.9/site-packages (from mlflow-skinny==3.1.4->mlflow>=3.1.0->-r /home/mla_group_01/rcc-ssrl/src/training/requirements.txt (line 12)) (0.70.0)
Requirement already satisfied: fastapi<1 in ./.venv/lib/python3.9/site-packages (from mlflow-skinny==3.1.4->mlflow>=3.1.0->-r /home/mla_group_01/rcc-ssrl/src/training/requirements.txt (line 12)) (0.120.2)
Requirement already satisfied: gitpython<4,>=3.1.9 in ./.venv/lib/python3.9/site-packages (from mlflow-skinny==3.1.4->mlflow>=3.1.0->-r /home/mla_group_01/rcc-ssrl/src/training/requirements.txt (line 12)) (3.1.45)
Requirement already satisfied: importlib_metadata!=4.7.0,<9,>=3.7.0 in ./.venv/lib/python3.9/site-packages (from mlflow-skinny==3.1.4->mlflow>=3.1.0->-r /home/mla_group_01/rcc-ssrl/src/training/requirements.txt (line 12)) (8.7.0)
Requirement already satisfied: opentelemetry-api<3,>=1.9.0 in ./.venv/lib/python3.9/site-packages (from mlflow-skinny==3.1.4->mlflow>=3.1.0->-r /home/mla_group_01/rcc-ssrl/src/training/requirements.txt (line 12)) (1.38.0)
Requirement already satisfied: opentelemetry-sdk<3,>=1.9.0 in ./.venv/lib/python3.9/site-packages (from mlflow-skinny==3.1.4->mlflow>=3.1.0->-r /home/mla_group_01/rcc-ssrl/src/training/requirements.txt (line 12)) (1.38.0)
Requirement already satisfied: protobuf<7,>=3.12.0 in ./.venv/lib/python3.9/site-packages (from mlflow-skinny==3.1.4->mlflow>=3.1.0->-r /home/mla_group_01/rcc-ssrl/src/training/requirements.txt (line 12)) (6.33.0)
Requirement already satisfied: pydantic<3,>=1.10.8 in ./.venv/lib/python3.9/site-packages (from mlflow-skinny==3.1.4->mlflow>=3.1.0->-r /home/mla_group_01/rcc-ssrl/src/training/requirements.txt (line 12)) (2.12.3)
Requirement already satisfied: requests<3,>=2.17.3 in ./.venv/lib/python3.9/site-packages (from mlflow-skinny==3.1.4->mlflow>=3.1.0->-r /home/mla_group_01/rcc-ssrl/src/training/requirements.txt (line 12)) (2.32.5)
Requirement already satisfied: sqlparse<1,>=0.4.0 in ./.venv/lib/python3.9/site-packages (from mlflow-skinny==3.1.4->mlflow>=3.1.0->-r /home/mla_group_01/rcc-ssrl/src/training/requirements.txt (line 12)) (0.5.3)
Requirement already satisfied: uvicorn<1 in ./.venv/lib/python3.9/site-packages (from mlflow-skinny==3.1.4->mlflow>=3.1.0->-r /home/mla_group_01/rcc-ssrl/src/training/requirements.txt (line 12)) (0.38.0)
Requirement already satisfied: Mako in ./.venv/lib/python3.9/site-packages (from alembic!=1.10.0,<2->mlflow>=3.1.0->-r /home/mla_group_01/rcc-ssrl/src/training/requirements.txt (line 12)) (1.3.10)
Requirement already satisfied: tomli in ./.venv/lib/python3.9/site-packages (from alembic!=1.10.0,<2->mlflow>=3.1.0->-r /home/mla_group_01/rcc-ssrl/src/training/requirements.txt (line 12)) (2.3.0)
Requirement already satisfied: google-auth~=2.0 in ./.venv/lib/python3.9/site-packages (from databricks-sdk<1,>=0.20.0->mlflow-skinny==3.1.4->mlflow>=3.1.0->-r /home/mla_group_01/rcc-ssrl/src/training/requirements.txt (line 12)) (2.42.0)
Requirement already satisfied: urllib3>=1.26.0 in ./.venv/lib/python3.9/site-packages (from docker<8,>=4.0.0->mlflow>=3.1.0->-r /home/mla_group_01/rcc-ssrl/src/training/requirements.txt (line 12)) (2.5.0)
Requirement already satisfied: starlette<0.50.0,>=0.40.0 in ./.venv/lib/python3.9/site-packages (from fastapi<1->mlflow-skinny==3.1.4->mlflow>=3.1.0->-r /home/mla_group_01/rcc-ssrl/src/training/requirements.txt (line 12)) (0.49.1)
Requirement already satisfied: annotated-doc>=0.0.2 in ./.venv/lib/python3.9/site-packages (from fastapi<1->mlflow-skinny==3.1.4->mlflow>=3.1.0->-r /home/mla_group_01/rcc-ssrl/src/training/requirements.txt (line 12)) (0.0.3)
Requirement already satisfied: blinker>=1.9.0 in ./.venv/lib/python3.9/site-packages (from Flask<4->mlflow>=3.1.0->-r /home/mla_group_01/rcc-ssrl/src/training/requirements.txt (line 12)) (1.9.0)
Requirement already satisfied: itsdangerous>=2.2.0 in ./.venv/lib/python3.9/site-packages (from Flask<4->mlflow>=3.1.0->-r /home/mla_group_01/rcc-ssrl/src/training/requirements.txt (line 12)) (2.2.0)
Requirement already satisfied: markupsafe>=2.1.1 in ./.venv/lib/python3.9/site-packages (from Flask<4->mlflow>=3.1.0->-r /home/mla_group_01/rcc-ssrl/src/training/requirements.txt (line 12)) (3.0.3)
Requirement already satisfied: werkzeug>=3.1.0 in ./.venv/lib/python3.9/site-packages (from Flask<4->mlflow>=3.1.0->-r /home/mla_group_01/rcc-ssrl/src/training/requirements.txt (line 12)) (3.1.3)
Requirement already satisfied: gitdb<5,>=4.0.1 in ./.venv/lib/python3.9/site-packages (from gitpython<4,>=3.1.9->mlflow-skinny==3.1.4->mlflow>=3.1.0->-r /home/mla_group_01/rcc-ssrl/src/training/requirements.txt (line 12)) (4.0.12)
Requirement already satisfied: smmap<6,>=3.0.1 in ./.venv/lib/python3.9/site-packages (from gitdb<5,>=4.0.1->gitpython<4,>=3.1.9->mlflow-skinny==3.1.4->mlflow>=3.1.0->-r /home/mla_group_01/rcc-ssrl/src/training/requirements.txt (line 12)) (5.0.2)
Requirement already satisfied: pyasn1-modules>=0.2.1 in ./.venv/lib/python3.9/site-packages (from google-auth~=2.0->databricks-sdk<1,>=0.20.0->mlflow-skinny==3.1.4->mlflow>=3.1.0->-r /home/mla_group_01/rcc-ssrl/src/training/requirements.txt (line 12)) (0.4.2)
Requirement already satisfied: rsa<5,>=3.1.4 in ./.venv/lib/python3.9/site-packages (from google-auth~=2.0->databricks-sdk<1,>=0.20.0->mlflow-skinny==3.1.4->mlflow>=3.1.0->-r /home/mla_group_01/rcc-ssrl/src/training/requirements.txt (line 12)) (4.9.1)
Requirement already satisfied: graphql-core<3.3,>=3.1 in ./.venv/lib/python3.9/site-packages (from graphene<4->mlflow>=3.1.0->-r /home/mla_group_01/rcc-ssrl/src/training/requirements.txt (line 12)) (3.2.6)
Requirement already satisfied: graphql-relay<3.3,>=3.1 in ./.venv/lib/python3.9/site-packages (from graphene<4->mlflow>=3.1.0->-r /home/mla_group_01/rcc-ssrl/src/training/requirements.txt (line 12)) (3.2.0)
Requirement already satisfied: zipp>=3.20 in ./.venv/lib/python3.9/site-packages (from importlib_metadata!=4.7.0,<9,>=3.7.0->mlflow-skinny==3.1.4->mlflow>=3.1.0->-r /home/mla_group_01/rcc-ssrl/src/training/requirements.txt (line 12)) (3.23.0)
Requirement already satisfied: opentelemetry-semantic-conventions==0.59b0 in ./.venv/lib/python3.9/site-packages (from opentelemetry-sdk<3,>=1.9.0->mlflow-skinny==3.1.4->mlflow>=3.1.0->-r /home/mla_group_01/rcc-ssrl/src/training/requirements.txt (line 12)) (0.59b0)
Requirement already satisfied: annotated-types>=0.6.0 in ./.venv/lib/python3.9/site-packages (from pydantic<3,>=1.10.8->mlflow-skinny==3.1.4->mlflow>=3.1.0->-r /home/mla_group_01/rcc-ssrl/src/training/requirements.txt (line 12)) (0.7.0)
Requirement already satisfied: pydantic-core==2.41.4 in ./.venv/lib/python3.9/site-packages (from pydantic<3,>=1.10.8->mlflow-skinny==3.1.4->mlflow>=3.1.0->-r /home/mla_group_01/rcc-ssrl/src/training/requirements.txt (line 12)) (2.41.4)
Requirement already satisfied: typing-inspection>=0.4.2 in ./.venv/lib/python3.9/site-packages (from pydantic<3,>=1.10.8->mlflow-skinny==3.1.4->mlflow>=3.1.0->-r /home/mla_group_01/rcc-ssrl/src/training/requirements.txt (line 12)) (0.4.2)
Requirement already satisfied: six>=1.5 in ./.venv/lib/python3.9/site-packages (from python-dateutil>=2.8.2->pandas>=2.3.3->-r /home/mla_group_01/rcc-ssrl/src/training/requirements.txt (line 7)) (1.17.0)
Requirement already satisfied: charset_normalizer<4,>=2 in ./.venv/lib/python3.9/site-packages (from requests<3,>=2.17.3->mlflow-skinny==3.1.4->mlflow>=3.1.0->-r /home/mla_group_01/rcc-ssrl/src/training/requirements.txt (line 12)) (3.4.4)
Requirement already satisfied: idna<4,>=2.5 in ./.venv/lib/python3.9/site-packages (from requests<3,>=2.17.3->mlflow-skinny==3.1.4->mlflow>=3.1.0->-r /home/mla_group_01/rcc-ssrl/src/training/requirements.txt (line 12)) (3.11)
Requirement already satisfied: certifi>=2017.4.17 in ./.venv/lib/python3.9/site-packages (from requests<3,>=2.17.3->mlflow-skinny==3.1.4->mlflow>=3.1.0->-r /home/mla_group_01/rcc-ssrl/src/training/requirements.txt (line 12)) (2025.10.5)
Requirement already satisfied: pyasn1>=0.1.3 in ./.venv/lib/python3.9/site-packages (from rsa<5,>=3.1.4->google-auth~=2.0->databricks-sdk<1,>=0.20.0->mlflow-skinny==3.1.4->mlflow>=3.1.0->-r /home/mla_group_01/rcc-ssrl/src/training/requirements.txt (line 12)) (0.6.1)
Requirement already satisfied: greenlet>=1 in ./.venv/lib/python3.9/site-packages (from sqlalchemy<3,>=1.4.0->mlflow>=3.1.0->-r /home/mla_group_01/rcc-ssrl/src/training/requirements.txt (line 12)) (3.2.4)
Requirement already satisfied: anyio<5,>=3.6.2 in ./.venv/lib/python3.9/site-packages (from starlette<0.50.0,>=0.40.0->fastapi<1->mlflow-skinny==3.1.4->mlflow>=3.1.0->-r /home/mla_group_01/rcc-ssrl/src/training/requirements.txt (line 12)) (4.11.0)
Requirement already satisfied: exceptiongroup>=1.0.2 in ./.venv/lib/python3.9/site-packages (from anyio<5,>=3.6.2->starlette<0.50.0,>=0.40.0->fastapi<1->mlflow-skinny==3.1.4->mlflow>=3.1.0->-r /home/mla_group_01/rcc-ssrl/src/training/requirements.txt (line 12)) (1.3.0)
Requirement already satisfied: sniffio>=1.1 in ./.venv/lib/python3.9/site-packages (from anyio<5,>=3.6.2->starlette<0.50.0,>=0.40.0->fastapi<1->mlflow-skinny==3.1.4->mlflow>=3.1.0->-r /home/mla_group_01/rcc-ssrl/src/training/requirements.txt (line 12)) (1.3.1)
Requirement already satisfied: h11>=0.8 in ./.venv/lib/python3.9/site-packages (from uvicorn<1->mlflow-skinny==3.1.4->mlflow>=3.1.0->-r /home/mla_group_01/rcc-ssrl/src/training/requirements.txt (line 12)) (0.16.0)
Requirement already satisfied: numba>=0.51.2 in ./.venv/lib/python3.9/site-packages (from umap-learn>=0.5.6->-r /home/mla_group_01/rcc-ssrl/src/training/requirements.txt (line 13)) (0.60.0)
Requirement already satisfied: pynndescent>=0.5 in ./.venv/lib/python3.9/site-packages (from umap-learn>=0.5.6->-r /home/mla_group_01/rcc-ssrl/src/training/requirements.txt (line 13)) (0.5.13)
Requirement already satisfied: tqdm in ./.venv/lib/python3.9/site-packages (from umap-learn>=0.5.6->-r /home/mla_group_01/rcc-ssrl/src/training/requirements.txt (line 13)) (4.67.1)
Requirement already satisfied: huggingface_hub in ./.venv/lib/python3.9/site-packages (from timm>=1.0.7->-r /home/mla_group_01/rcc-ssrl/src/training/requirements.txt (line 14)) (1.0.1)
Requirement already satisfied: safetensors in ./.venv/lib/python3.9/site-packages (from timm>=1.0.7->-r /home/mla_group_01/rcc-ssrl/src/training/requirements.txt (line 14)) (0.6.2)
Requirement already satisfied: llvmlite<0.44,>=0.43.0dev0 in ./.venv/lib/python3.9/site-packages (from numba>=0.51.2->umap-learn>=0.5.6->-r /home/mla_group_01/rcc-ssrl/src/training/requirements.txt (line 13)) (0.43.0)
Requirement already satisfied: httpx<1,>=0.23.0 in ./.venv/lib/python3.9/site-packages (from huggingface_hub->timm>=1.0.7->-r /home/mla_group_01/rcc-ssrl/src/training/requirements.txt (line 14)) (0.28.1)
Requirement already satisfied: shellingham in ./.venv/lib/python3.9/site-packages (from huggingface_hub->timm>=1.0.7->-r /home/mla_group_01/rcc-ssrl/src/training/requirements.txt (line 14)) (1.5.4)
Requirement already satisfied: typer-slim in ./.venv/lib/python3.9/site-packages (from huggingface_hub->timm>=1.0.7->-r /home/mla_group_01/rcc-ssrl/src/training/requirements.txt (line 14)) (0.20.0)
Requirement already satisfied: hf-xet<2.0.0,>=1.2.0 in ./.venv/lib/python3.9/site-packages (from huggingface_hub->timm>=1.0.7->-r /home/mla_group_01/rcc-ssrl/src/training/requirements.txt (line 14)) (1.2.0)
Requirement already satisfied: httpcore==1.* in ./.venv/lib/python3.9/site-packages (from httpx<1,>=0.23.0->huggingface_hub->timm>=1.0.7->-r /home/mla_group_01/rcc-ssrl/src/training/requirements.txt (line 14)) (1.0.9)
[bootstrap_env] ready: venv=/home/mla_group_01/rcc-ssrl/.venv, deps=1
GPU 0: NVIDIA A40 (UUID: GPU-72662f08-75c4-dae0-bb64-b2f3280f9afa)
Torch 2.5.1+cu121 CUDA True NGPU 1
[paths] project_root=/beegfs-scratch/mla_group_01/workspace/mla_group_01/wsi-ssrl-rcc_project outputs_root=/beegfs-scratch/mla_group_01/workspace/mla_group_01/wsi-ssrl-rcc_project/outputs/mlruns
[paths] webdataset.rcc_v2: train=/beegfs-scratch/mla_group_01/workspace/mla_group_01/wsi-ssrl-rcc_project/data/processed/rcc_webdataset_final/train val=/beegfs-scratch/mla_group_01/workspace/mla_group_01/wsi-ssrl-rcc_project/data/processed/rcc_webdataset_final/val test=/beegfs-scratch/mla_group_01/workspace/mla_group_01/wsi-ssrl-rcc_project/data/processed/rcc_webdataset_final/test
[paths] dataset_key=rcc_v2 -> train=/beegfs-scratch/mla_group_01/workspace/mla_group_01/wsi-ssrl-rcc_project/data/processed/rcc_webdataset_final/train val=/beegfs-scratch/mla_group_01/workspace/mla_group_01/wsi-ssrl-rcc_project/data/processed/rcc_webdataset_final/val test=/beegfs-scratch/mla_group_01/workspace/mla_group_01/wsi-ssrl-rcc_project/data/processed/rcc_webdataset_final/test
[RUN][moco_v3] device=cuda
[moco_v3][epoch 1/2] step 1/600 (global 1/1200) ema_m=0.9970 loss_main=8.4915 neg_sim=0.0024 pos_sim=-0.0035 ssl_loss=8.4915 t_teacher=0.2000 | ETA=01:24:10
[moco_v3][epoch 1/2] step 11/600 (global 11/1200) ema_m=0.9970 loss_main=8.4153 neg_sim=0.0036 pos_sim=0.0032 ssl_loss=8.4153 t_teacher=0.2000 | ETA=00:13:57
[moco_v3][epoch 1/2] step 21/600 (global 21/1200) ema_m=0.9970 loss_main=8.0330 neg_sim=0.0014 pos_sim=0.0550 ssl_loss=8.0330 t_teacher=0.2000 | ETA=00:10:35
[moco_v3][epoch 1/2] step 31/600 (global 31/1200) ema_m=0.9970 loss_main=8.0738 neg_sim=0.0024 pos_sim=0.0569 ssl_loss=8.0738 t_teacher=0.2000 | ETA=00:09:20
[moco_v3][epoch 1/2] step 41/600 (global 41/1200) ema_m=0.9970 loss_main=7.9679 neg_sim=0.0005 pos_sim=0.0790 ssl_loss=7.9679 t_teacher=0.2000 | ETA=00:08:40
[moco_v3][epoch 1/2] step 51/600 (global 51/1200) ema_m=0.9970 loss_main=8.0071 neg_sim=0.0013 pos_sim=0.0825 ssl_loss=8.0071 t_teacher=0.2000 | ETA=00:08:14
[moco_v3][epoch 1/2] step 61/600 (global 61/1200) ema_m=0.9970 loss_main=7.7154 neg_sim=-0.0014 pos_sim=0.1172 ssl_loss=7.7154 t_teacher=0.2000 | ETA=00:07:56
[moco_v3][epoch 1/2] step 71/600 (global 71/1200) ema_m=0.9970 loss_main=7.8468 neg_sim=0.0019 pos_sim=0.0877 ssl_loss=7.8468 t_teacher=0.2000 | ETA=00:07:41
[moco_v3][epoch 1/2] step 81/600 (global 81/1200) ema_m=0.9970 loss_main=7.8328 neg_sim=0.0046 pos_sim=0.1024 ssl_loss=7.8328 t_teacher=0.2000 | ETA=00:07:30
[moco_v3][epoch 1/2] step 91/600 (global 91/1200) ema_m=0.9970 loss_main=8.2157 neg_sim=0.0015 pos_sim=0.0528 ssl_loss=8.2157 t_teacher=0.2000 | ETA=00:07:20
[moco_v3][epoch 1/2] step 101/600 (global 101/1200) ema_m=0.9971 loss_main=7.6898 neg_sim=0.0014 pos_sim=0.1152 ssl_loss=7.6898 t_teacher=0.2000 | ETA=00:07:12
[moco_v3][epoch 1/2] step 111/600 (global 111/1200) ema_m=0.9971 loss_main=7.7556 neg_sim=0.0028 pos_sim=0.1008 ssl_loss=7.7556 t_teacher=0.2000 | ETA=00:07:04
[moco_v3][epoch 1/2] step 121/600 (global 121/1200) ema_m=0.9971 loss_main=7.9088 neg_sim=0.0015 pos_sim=0.0894 ssl_loss=7.9088 t_teacher=0.2000 | ETA=00:06:57
[moco_v3][epoch 1/2] step 131/600 (global 131/1200) ema_m=0.9971 loss_main=7.7307 neg_sim=0.0038 pos_sim=0.1067 ssl_loss=7.7307 t_teacher=0.2000 | ETA=00:06:51
[moco_v3][epoch 1/2] step 141/600 (global 141/1200) ema_m=0.9971 loss_main=7.9053 neg_sim=0.0019 pos_sim=0.0732 ssl_loss=7.9053 t_teacher=0.2000 | ETA=00:06:45
[moco_v3][epoch 1/2] step 151/600 (global 151/1200) ema_m=0.9971 loss_main=7.7007 neg_sim=0.0017 pos_sim=0.1136 ssl_loss=7.7007 t_teacher=0.2000 | ETA=00:06:39
[moco_v3][epoch 1/2] step 161/600 (global 161/1200) ema_m=0.9971 loss_main=7.8649 neg_sim=0.0065 pos_sim=0.1069 ssl_loss=7.8649 t_teacher=0.2000 | ETA=00:06:34
[moco_v3][epoch 1/2] step 171/600 (global 171/1200) ema_m=0.9971 loss_main=7.7314 neg_sim=0.0073 pos_sim=0.1186 ssl_loss=7.7314 t_teacher=0.2000 | ETA=00:06:29
[moco_v3][epoch 1/2] step 181/600 (global 181/1200) ema_m=0.9972 loss_main=7.6668 neg_sim=0.0058 pos_sim=0.1420 ssl_loss=7.6668 t_teacher=0.2000 | ETA=00:06:24
[moco_v3][epoch 1/2] step 191/600 (global 191/1200) ema_m=0.9972 loss_main=7.8442 neg_sim=0.0044 pos_sim=0.1045 ssl_loss=7.8442 t_teacher=0.2000 | ETA=00:06:19
[moco_v3][epoch 1/2] step 201/600 (global 201/1200) ema_m=0.9972 loss_main=7.6595 neg_sim=0.0034 pos_sim=0.1265 ssl_loss=7.6595 t_teacher=0.2000 | ETA=00:06:14
[moco_v3][epoch 1/2] step 211/600 (global 211/1200) ema_m=0.9972 loss_main=7.9310 neg_sim=0.0047 pos_sim=0.0877 ssl_loss=7.9310 t_teacher=0.2000 | ETA=00:06:10
[moco_v3][epoch 1/2] step 221/600 (global 221/1200) ema_m=0.9972 loss_main=7.7585 neg_sim=0.0038 pos_sim=0.1249 ssl_loss=7.7585 t_teacher=0.2000 | ETA=00:06:05
[moco_v3][epoch 1/2] step 231/600 (global 231/1200) ema_m=0.9973 loss_main=8.1097 neg_sim=0.0064 pos_sim=0.0742 ssl_loss=8.1097 t_teacher=0.2000 | ETA=00:06:01
[moco_v3][epoch 1/2] step 241/600 (global 241/1200) ema_m=0.9973 loss_main=7.7998 neg_sim=0.0061 pos_sim=0.1191 ssl_loss=7.7998 t_teacher=0.2000 | ETA=00:05:57
[moco_v3][epoch 1/2] step 251/600 (global 251/1200) ema_m=0.9973 loss_main=7.8428 neg_sim=0.0056 pos_sim=0.1034 ssl_loss=7.8428 t_teacher=0.2000 | ETA=00:05:52
[moco_v3][epoch 1/2] step 261/600 (global 261/1200) ema_m=0.9973 loss_main=7.7726 neg_sim=0.0065 pos_sim=0.1283 ssl_loss=7.7726 t_teacher=0.2000 | ETA=00:05:48
[moco_v3][epoch 1/2] step 271/600 (global 271/1200) ema_m=0.9974 loss_main=7.7830 neg_sim=0.0043 pos_sim=0.1163 ssl_loss=7.7830 t_teacher=0.2000 | ETA=00:05:44
[moco_v3][epoch 1/2] step 281/600 (global 281/1200) ema_m=0.9974 loss_main=7.8188 neg_sim=0.0028 pos_sim=0.1147 ssl_loss=7.8188 t_teacher=0.2000 | ETA=00:05:40
[moco_v3][epoch 1/2] step 291/600 (global 291/1200) ema_m=0.9974 loss_main=7.8230 neg_sim=0.0067 pos_sim=0.1221 ssl_loss=7.8230 t_teacher=0.2000 | ETA=00:05:36
[moco_v3][epoch 1/2] step 301/600 (global 301/1200) ema_m=0.9974 loss_main=8.0276 neg_sim=0.0048 pos_sim=0.0889 ssl_loss=8.0276 t_teacher=0.2000 | ETA=00:05:32
[moco_v3][epoch 1/2] step 311/600 (global 311/1200) ema_m=0.9975 loss_main=7.7520 neg_sim=0.0066 pos_sim=0.1343 ssl_loss=7.7520 t_teacher=0.2000 | ETA=00:05:28
[moco_v3][epoch 1/2] step 321/600 (global 321/1200) ema_m=0.9975 loss_main=7.8972 neg_sim=0.0103 pos_sim=0.1303 ssl_loss=7.8972 t_teacher=0.2000 | ETA=00:05:24
[moco_v3][epoch 1/2] step 331/600 (global 331/1200) ema_m=0.9975 loss_main=7.7691 neg_sim=0.0077 pos_sim=0.1250 ssl_loss=7.7691 t_teacher=0.2000 | ETA=00:05:20
[moco_v3][epoch 1/2] step 341/600 (global 341/1200) ema_m=0.9976 loss_main=7.9141 neg_sim=0.0115 pos_sim=0.1093 ssl_loss=7.9141 t_teacher=0.2000 | ETA=00:05:16
[moco_v3][epoch 1/2] step 351/600 (global 351/1200) ema_m=0.9976 loss_main=7.8751 neg_sim=0.0086 pos_sim=0.1112 ssl_loss=7.8751 t_teacher=0.2000 | ETA=00:05:12
[moco_v3][epoch 1/2] step 361/600 (global 361/1200) ema_m=0.9976 loss_main=7.7373 neg_sim=0.0109 pos_sim=0.1287 ssl_loss=7.7373 t_teacher=0.2000 | ETA=00:05:08
[moco_v3][epoch 1/2] step 371/600 (global 371/1200) ema_m=0.9977 loss_main=7.5547 neg_sim=0.0062 pos_sim=0.1500 ssl_loss=7.5547 t_teacher=0.2000 | ETA=00:05:04
[moco_v3][epoch 1/2] step 381/600 (global 381/1200) ema_m=0.9977 loss_main=7.7663 neg_sim=0.0113 pos_sim=0.1314 ssl_loss=7.7663 t_teacher=0.2000 | ETA=00:05:01
[moco_v3][epoch 1/2] step 391/600 (global 391/1200) ema_m=0.9977 loss_main=7.5343 neg_sim=0.0076 pos_sim=0.1559 ssl_loss=7.5343 t_teacher=0.2000 | ETA=00:04:57
[moco_v3][epoch 1/2] step 401/600 (global 401/1200) ema_m=0.9978 loss_main=7.6285 neg_sim=0.0089 pos_sim=0.1397 ssl_loss=7.6285 t_teacher=0.2000 | ETA=00:04:53
[moco_v3][epoch 1/2] step 411/600 (global 411/1200) ema_m=0.9978 loss_main=7.8154 neg_sim=0.0059 pos_sim=0.1266 ssl_loss=7.8154 t_teacher=0.2000 | ETA=00:04:49
[moco_v3][epoch 1/2] step 421/600 (global 421/1200) ema_m=0.9978 loss_main=7.7692 neg_sim=0.0084 pos_sim=0.1348 ssl_loss=7.7692 t_teacher=0.2000 | ETA=00:04:46
[moco_v3][epoch 1/2] step 431/600 (global 431/1200) ema_m=0.9979 loss_main=7.7164 neg_sim=0.0053 pos_sim=0.1487 ssl_loss=7.7164 t_teacher=0.2000 | ETA=00:04:42
[moco_v3][epoch 1/2] step 441/600 (global 441/1200) ema_m=0.9979 loss_main=7.5890 neg_sim=0.0092 pos_sim=0.1451 ssl_loss=7.5890 t_teacher=0.2000 | ETA=00:04:38
[moco_v3][epoch 1/2] step 451/600 (global 451/1200) ema_m=0.9979 loss_main=7.6630 neg_sim=0.0047 pos_sim=0.1438 ssl_loss=7.6630 t_teacher=0.2000 | ETA=00:04:34
[moco_v3][epoch 1/2] step 461/600 (global 461/1200) ema_m=0.9980 loss_main=7.7825 neg_sim=0.0078 pos_sim=0.1400 ssl_loss=7.7825 t_teacher=0.2000 | ETA=00:04:30
[moco_v3][epoch 1/2] step 471/600 (global 471/1200) ema_m=0.9980 loss_main=7.6782 neg_sim=0.0046 pos_sim=0.1523 ssl_loss=7.6782 t_teacher=0.2000 | ETA=00:04:27
[moco_v3][epoch 1/2] step 481/600 (global 481/1200) ema_m=0.9980 loss_main=7.6736 neg_sim=0.0084 pos_sim=0.1410 ssl_loss=7.6736 t_teacher=0.2000 | ETA=00:04:23
[moco_v3][epoch 1/2] step 491/600 (global 491/1200) ema_m=0.9981 loss_main=7.5781 neg_sim=0.0053 pos_sim=0.1586 ssl_loss=7.5781 t_teacher=0.2000 | ETA=00:04:19
[moco_v3][epoch 1/2] step 501/600 (global 501/1200) ema_m=0.9981 loss_main=7.6977 neg_sim=0.0083 pos_sim=0.1486 ssl_loss=7.6977 t_teacher=0.2000 | ETA=00:04:15
[moco_v3][epoch 1/2] step 511/600 (global 511/1200) ema_m=0.9982 loss_main=7.8271 neg_sim=0.0089 pos_sim=0.1405 ssl_loss=7.8271 t_teacher=0.2000 | ETA=00:04:12
[moco_v3][epoch 1/2] step 521/600 (global 521/1200) ema_m=0.9982 loss_main=7.8781 neg_sim=0.0087 pos_sim=0.1198 ssl_loss=7.8781 t_teacher=0.2000 | ETA=00:04:08
[moco_v3][epoch 1/2] step 531/600 (global 531/1200) ema_m=0.9982 loss_main=7.6816 neg_sim=0.0092 pos_sim=0.1393 ssl_loss=7.6816 t_teacher=0.2000 | ETA=00:04:04
[moco_v3][epoch 1/2] step 541/600 (global 541/1200) ema_m=0.9983 loss_main=7.4179 neg_sim=0.0081 pos_sim=0.1868 ssl_loss=7.4179 t_teacher=0.2000 | ETA=00:04:00
[moco_v3][epoch 1/2] step 551/600 (global 551/1200) ema_m=0.9983 loss_main=7.5942 neg_sim=0.0054 pos_sim=0.1582 ssl_loss=7.5942 t_teacher=0.2000 | ETA=00:03:57
[moco_v3][epoch 1/2] step 561/600 (global 561/1200) ema_m=0.9983 loss_main=7.8556 neg_sim=0.0050 pos_sim=0.1215 ssl_loss=7.8556 t_teacher=0.2000 | ETA=00:03:53
[moco_v3][epoch 1/2] step 571/600 (global 571/1200) ema_m=0.9984 loss_main=7.4769 neg_sim=0.0060 pos_sim=0.1750 ssl_loss=7.4769 t_teacher=0.2000 | ETA=00:03:49
[moco_v3][epoch 1/2] step 581/600 (global 581/1200) ema_m=0.9984 loss_main=7.6423 neg_sim=0.0069 pos_sim=0.1606 ssl_loss=7.6423 t_teacher=0.2000 | ETA=00:03:46
[moco_v3][epoch 1/2] step 591/600 (global 591/1200) ema_m=0.9985 loss_main=7.7664 neg_sim=0.0052 pos_sim=0.1399 ssl_loss=7.7664 t_teacher=0.2000 | ETA=00:03:42
[moco_v3][epoch 2/2] step 1/600 (global 601/1200) ema_m=0.9985 loss_main=7.9079 neg_sim=0.0046 pos_sim=0.1171 ssl_loss=7.9079 t_teacher=0.2000 | ETA=00:03:42
[moco_v3][epoch 2/2] step 11/600 (global 611/1200) ema_m=0.9985 loss_main=7.6252 neg_sim=0.0064 pos_sim=0.1544 ssl_loss=7.6252 t_teacher=0.2000 | ETA=00:03:39
[moco_v3][epoch 2/2] step 21/600 (global 621/1200) ema_m=0.9986 loss_main=7.4828 neg_sim=0.0038 pos_sim=0.1760 ssl_loss=7.4828 t_teacher=0.2000 | ETA=00:03:35
[moco_v3][epoch 2/2] step 31/600 (global 631/1200) ema_m=0.9986 loss_main=7.4147 neg_sim=0.0043 pos_sim=0.1807 ssl_loss=7.4147 t_teacher=0.2000 | ETA=00:03:31
[moco_v3][epoch 2/2] step 41/600 (global 641/1200) ema_m=0.9987 loss_main=7.3817 neg_sim=0.0075 pos_sim=0.2044 ssl_loss=7.3817 t_teacher=0.2000 | ETA=00:03:27
[moco_v3][epoch 2/2] step 51/600 (global 651/1200) ema_m=0.9987 loss_main=7.8302 neg_sim=0.0075 pos_sim=0.1434 ssl_loss=7.8302 t_teacher=0.2000 | ETA=00:03:23
[moco_v3][epoch 2/2] step 61/600 (global 661/1200) ema_m=0.9987 loss_main=7.6850 neg_sim=0.0046 pos_sim=0.1572 ssl_loss=7.6850 t_teacher=0.2000 | ETA=00:03:20
[moco_v3][epoch 2/2] step 71/600 (global 671/1200) ema_m=0.9988 loss_main=7.7935 neg_sim=0.0027 pos_sim=0.1443 ssl_loss=7.7935 t_teacher=0.2000 | ETA=00:03:16
[moco_v3][epoch 2/2] step 81/600 (global 681/1200) ema_m=0.9988 loss_main=7.3545 neg_sim=0.0059 pos_sim=0.1901 ssl_loss=7.3545 t_teacher=0.2000 | ETA=00:03:12
[moco_v3][epoch 2/2] step 91/600 (global 691/1200) ema_m=0.9989 loss_main=7.4588 neg_sim=0.0082 pos_sim=0.1705 ssl_loss=7.4588 t_teacher=0.2000 | ETA=00:03:08
[moco_v3][epoch 2/2] step 101/600 (global 701/1200) ema_m=0.9989 loss_main=7.5518 neg_sim=0.0083 pos_sim=0.1692 ssl_loss=7.5518 t_teacher=0.2000 | ETA=00:03:04
[moco_v3][epoch 2/2] step 111/600 (global 711/1200) ema_m=0.9989 loss_main=7.6616 neg_sim=0.0054 pos_sim=0.1691 ssl_loss=7.6616 t_teacher=0.2000 | ETA=00:03:01
[moco_v3][epoch 2/2] step 121/600 (global 721/1200) ema_m=0.9990 loss_main=7.5417 neg_sim=0.0055 pos_sim=0.1620 ssl_loss=7.5417 t_teacher=0.2000 | ETA=00:02:57
[moco_v3][epoch 2/2] step 131/600 (global 731/1200) ema_m=0.9990 loss_main=7.5476 neg_sim=0.0077 pos_sim=0.1654 ssl_loss=7.5476 t_teacher=0.2000 | ETA=00:02:53
[moco_v3][epoch 2/2] step 141/600 (global 741/1200) ema_m=0.9990 loss_main=7.4637 neg_sim=0.0056 pos_sim=0.1885 ssl_loss=7.4637 t_teacher=0.2000 | ETA=00:02:49
[moco_v3][epoch 2/2] step 151/600 (global 751/1200) ema_m=0.9991 loss_main=7.5859 neg_sim=0.0105 pos_sim=0.1611 ssl_loss=7.5859 t_teacher=0.2000 | ETA=00:02:46
[moco_v3][epoch 2/2] step 161/600 (global 761/1200) ema_m=0.9991 loss_main=7.5165 neg_sim=0.0054 pos_sim=0.1655 ssl_loss=7.5165 t_teacher=0.2000 | ETA=00:02:42
[moco_v3][epoch 2/2] step 171/600 (global 771/1200) ema_m=0.9991 loss_main=7.4207 neg_sim=0.0031 pos_sim=0.1817 ssl_loss=7.4207 t_teacher=0.2000 | ETA=00:02:38
[moco_v3][epoch 2/2] step 181/600 (global 781/1200) ema_m=0.9992 loss_main=7.3280 neg_sim=-0.0003 pos_sim=0.2084 ssl_loss=7.3280 t_teacher=0.2000 | ETA=00:02:34
[moco_v3][epoch 2/2] step 191/600 (global 791/1200) ema_m=0.9992 loss_main=7.4893 neg_sim=0.0063 pos_sim=0.1774 ssl_loss=7.4893 t_teacher=0.2000 | ETA=00:02:31
[moco_v3][epoch 2/2] step 201/600 (global 801/1200) ema_m=0.9993 loss_main=7.6345 neg_sim=0.0096 pos_sim=0.1744 ssl_loss=7.6345 t_teacher=0.2000 | ETA=00:02:27
[moco_v3][epoch 2/2] step 211/600 (global 811/1200) ema_m=0.9993 loss_main=7.6162 neg_sim=0.0013 pos_sim=0.1672 ssl_loss=7.6162 t_teacher=0.2000 | ETA=00:02:23
[moco_v3][epoch 2/2] step 221/600 (global 821/1200) ema_m=0.9993 loss_main=7.2790 neg_sim=0.0071 pos_sim=0.2080 ssl_loss=7.2790 t_teacher=0.2000 | ETA=00:02:19
[moco_v3][epoch 2/2] step 231/600 (global 831/1200) ema_m=0.9994 loss_main=7.7081 neg_sim=0.0101 pos_sim=0.1605 ssl_loss=7.7081 t_teacher=0.2000 | ETA=00:02:16
[moco_v3][epoch 2/2] step 241/600 (global 841/1200) ema_m=0.9994 loss_main=7.3696 neg_sim=0.0081 pos_sim=0.1923 ssl_loss=7.3696 t_teacher=0.2000 | ETA=00:02:12
[moco_v3][epoch 2/2] step 251/600 (global 851/1200) ema_m=0.9994 loss_main=7.5892 neg_sim=0.0044 pos_sim=0.1887 ssl_loss=7.5892 t_teacher=0.2000 | ETA=00:02:08
[moco_v3][epoch 2/2] step 261/600 (global 861/1200) ema_m=0.9994 loss_main=7.6479 neg_sim=0.0036 pos_sim=0.1564 ssl_loss=7.6479 t_teacher=0.2000 | ETA=00:02:04
[moco_v3][epoch 2/2] step 271/600 (global 871/1200) ema_m=0.9995 loss_main=7.3847 neg_sim=-0.0000 pos_sim=0.1860 ssl_loss=7.3847 t_teacher=0.2000 | ETA=00:02:01
[moco_v3][epoch 2/2] step 281/600 (global 881/1200) ema_m=0.9995 loss_main=7.3957 neg_sim=0.0038 pos_sim=0.1918 ssl_loss=7.3957 t_teacher=0.2000 | ETA=00:01:57
[moco_v3][epoch 2/2] step 291/600 (global 891/1200) ema_m=0.9995 loss_main=7.6397 neg_sim=0.0079 pos_sim=0.1625 ssl_loss=7.6397 t_teacher=0.2000 | ETA=00:01:53
[moco_v3][epoch 2/2] step 301/600 (global 901/1200) ema_m=0.9996 loss_main=7.2526 neg_sim=0.0014 pos_sim=0.2149 ssl_loss=7.2526 t_teacher=0.2000 | ETA=00:01:50
[moco_v3][epoch 2/2] step 311/600 (global 911/1200) ema_m=0.9996 loss_main=7.4729 neg_sim=0.0065 pos_sim=0.1617 ssl_loss=7.4729 t_teacher=0.2000 | ETA=00:01:46
[moco_v3][epoch 2/2] step 321/600 (global 921/1200) ema_m=0.9996 loss_main=7.4015 neg_sim=0.0048 pos_sim=0.1956 ssl_loss=7.4015 t_teacher=0.2000 | ETA=00:01:42
[moco_v3][epoch 2/2] step 331/600 (global 931/1200) ema_m=0.9996 loss_main=7.7309 neg_sim=0.0069 pos_sim=0.1523 ssl_loss=7.7309 t_teacher=0.2000 | ETA=00:01:39
[moco_v3][epoch 2/2] step 341/600 (global 941/1200) ema_m=0.9997 loss_main=7.4262 neg_sim=0.0009 pos_sim=0.1833 ssl_loss=7.4262 t_teacher=0.2000 | ETA=00:01:35
[moco_v3][epoch 2/2] step 351/600 (global 951/1200) ema_m=0.9997 loss_main=7.2217 neg_sim=0.0026 pos_sim=0.2055 ssl_loss=7.2217 t_teacher=0.2000 | ETA=00:01:31
[moco_v3][epoch 2/2] step 361/600 (global 961/1200) ema_m=0.9997 loss_main=7.4015 neg_sim=0.0077 pos_sim=0.1815 ssl_loss=7.4015 t_teacher=0.2000 | ETA=00:01:27
[moco_v3][epoch 2/2] step 371/600 (global 971/1200) ema_m=0.9997 loss_main=7.4532 neg_sim=0.0050 pos_sim=0.1776 ssl_loss=7.4532 t_teacher=0.2000 | ETA=00:01:24
[moco_v3][epoch 2/2] step 381/600 (global 981/1200) ema_m=0.9998 loss_main=7.4805 neg_sim=0.0031 pos_sim=0.1808 ssl_loss=7.4805 t_teacher=0.2000 | ETA=00:01:20
[moco_v3][epoch 2/2] step 391/600 (global 991/1200) ema_m=0.9998 loss_main=7.6241 neg_sim=0.0081 pos_sim=0.1746 ssl_loss=7.6241 t_teacher=0.2000 | ETA=00:01:16
[moco_v3][epoch 2/2] step 401/600 (global 1001/1200) ema_m=0.9998 loss_main=7.5575 neg_sim=0.0022 pos_sim=0.1609 ssl_loss=7.5575 t_teacher=0.2000 | ETA=00:01:13
[moco_v3][epoch 2/2] step 411/600 (global 1011/1200) ema_m=0.9998 loss_main=7.2603 neg_sim=0.0065 pos_sim=0.2073 ssl_loss=7.2603 t_teacher=0.2000 | ETA=00:01:09
[moco_v3][epoch 2/2] step 421/600 (global 1021/1200) ema_m=0.9998 loss_main=7.2506 neg_sim=0.0046 pos_sim=0.1952 ssl_loss=7.2506 t_teacher=0.2000 | ETA=00:01:05
[moco_v3][epoch 2/2] step 431/600 (global 1031/1200) ema_m=0.9999 loss_main=7.3804 neg_sim=0.0024 pos_sim=0.1968 ssl_loss=7.3804 t_teacher=0.2000 | ETA=00:01:02
[moco_v3][epoch 2/2] step 441/600 (global 1041/1200) ema_m=0.9999 loss_main=7.2759 neg_sim=0.0050 pos_sim=0.1995 ssl_loss=7.2759 t_teacher=0.2000 | ETA=00:00:58
[moco_v3][epoch 2/2] step 451/600 (global 1051/1200) ema_m=0.9999 loss_main=7.1933 neg_sim=0.0018 pos_sim=0.2169 ssl_loss=7.1933 t_teacher=0.2000 | ETA=00:00:54
[moco_v3][epoch 2/2] step 461/600 (global 1061/1200) ema_m=0.9999 loss_main=7.4411 neg_sim=0.0009 pos_sim=0.1789 ssl_loss=7.4411 t_teacher=0.2000 | ETA=00:00:51
[moco_v3][epoch 2/2] step 471/600 (global 1071/1200) ema_m=0.9999 loss_main=7.2928 neg_sim=0.0006 pos_sim=0.2069 ssl_loss=7.2928 t_teacher=0.2000 | ETA=00:00:47
[moco_v3][epoch 2/2] step 481/600 (global 1081/1200) ema_m=0.9999 loss_main=7.2422 neg_sim=0.0010 pos_sim=0.2259 ssl_loss=7.2422 t_teacher=0.2000 | ETA=00:00:43
[moco_v3][epoch 2/2] step 491/600 (global 1091/1200) ema_m=0.9999 loss_main=7.4548 neg_sim=0.0082 pos_sim=0.1692 ssl_loss=7.4548 t_teacher=0.2000 | ETA=00:00:39
[moco_v3][epoch 2/2] step 501/600 (global 1101/1200) ema_m=0.9999 loss_main=7.6079 neg_sim=0.0055 pos_sim=0.1574 ssl_loss=7.6079 t_teacher=0.2000 | ETA=00:00:36
[moco_v3][epoch 2/2] step 511/600 (global 1111/1200) ema_m=1.0000 loss_main=7.3492 neg_sim=0.0090 pos_sim=0.2014 ssl_loss=7.3492 t_teacher=0.2000 | ETA=00:00:32
[moco_v3][epoch 2/2] step 521/600 (global 1121/1200) ema_m=1.0000 loss_main=7.3826 neg_sim=0.0027 pos_sim=0.1943 ssl_loss=7.3826 t_teacher=0.2000 | ETA=00:00:29
[moco_v3][epoch 2/2] step 531/600 (global 1131/1200) ema_m=1.0000 loss_main=7.6581 neg_sim=0.0066 pos_sim=0.1673 ssl_loss=7.6581 t_teacher=0.2000 | ETA=00:00:25
[moco_v3][epoch 2/2] step 541/600 (global 1141/1200) ema_m=1.0000 loss_main=7.5166 neg_sim=0.0033 pos_sim=0.1848 ssl_loss=7.5166 t_teacher=0.2000 | ETA=00:00:21
[moco_v3][epoch 2/2] step 551/600 (global 1151/1200) ema_m=1.0000 loss_main=7.4637 neg_sim=0.0038 pos_sim=0.1561 ssl_loss=7.4637 t_teacher=0.2000 | ETA=00:00:17
[moco_v3][epoch 2/2] step 561/600 (global 1161/1200) ema_m=1.0000 loss_main=7.3180 neg_sim=0.0029 pos_sim=0.2041 ssl_loss=7.3180 t_teacher=0.2000 | ETA=00:00:14
[moco_v3][epoch 2/2] step 571/600 (global 1171/1200) ema_m=1.0000 loss_main=7.4541 neg_sim=0.0060 pos_sim=0.1799 ssl_loss=7.4541 t_teacher=0.2000 | ETA=00:00:10
[moco_v3][epoch 2/2] step 581/600 (global 1181/1200) ema_m=1.0000 loss_main=7.2003 neg_sim=0.0026 pos_sim=0.2095 ssl_loss=7.2003 t_teacher=0.2000 | ETA=00:00:06
[moco_v3][epoch 2/2] step 591/600 (global 1191/1200) ema_m=1.0000 loss_main=7.4449 neg_sim=0.0067 pos_sim=0.1844 ssl_loss=7.4449 t_teacher=0.2000 | ETA=00:00:03
[moco_v3][epoch 2/2] step 600/600 (global 1200/1200) ema_m=1.0000 loss_main=7.2477 neg_sim=0.0051 pos_sim=0.1954 ssl_loss=7.2477 t_teacher=0.2000 | ETA=00:00:00
