/home/mla_group_01/.conda/envs/train/lib/python3.10/site-packages/torch/utils/data/dataloader.py:617: UserWarning: This DataLoader will create 16 worker processes in total. Our suggested max number of worker in current system is 8, which is smaller than what this DataLoader is going to create. Please be aware that excessive worker creation might get DataLoader running slow or even freeze, lower the worker number to avoid potential slowness/freeze if necessary.
  warnings.warn(
/home/mla_group_01/.conda/envs/train/lib/python3.10/site-packages/torch/utils/data/dataloader.py:617: UserWarning: This DataLoader will create 16 worker processes in total. Our suggested max number of worker in current system is 8, which is smaller than what this DataLoader is going to create. Please be aware that excessive worker creation might get DataLoader running slow or even freeze, lower the worker number to avoid potential slowness/freeze if necessary.
  warnings.warn(
Traceback (most recent call last):
  File "/home/mla_group_01/rcc-ssrl/src/training/launch_training.py", line 244, in <module>
    raise SystemExit(main())
  File "/home/mla_group_01/rcc-ssrl/src/training/launch_training.py", line 232, in main
    metrics = orchestrator.fit()
  File "/home/mla_group_01/rcc-ssrl/src/training/orchestrator.py", line 164, in fit
    metrics = self._fit_ssl()
  File "/home/mla_group_01/rcc-ssrl/src/training/orchestrator.py", line 350, in _fit_ssl
    feature_paths = save_features(backbone_module, loaders, self.device, self.run_dirs["checkpoints"], self.model_key)
  File "/home/mla_group_01/rcc-ssrl/src/training/trainer/features.py", line 93, in save_features
    X, y = extract_features(backbone, loader, device)
  File "/home/mla_group_01/.conda/envs/train/lib/python3.10/site-packages/torch/utils/_contextlib.py", line 116, in decorate_context
    return func(*args, **kwargs)
  File "/home/mla_group_01/rcc-ssrl/src/training/trainer/features.py", line 63, in extract_features
    for batch in loader:
  File "/home/mla_group_01/.conda/envs/train/lib/python3.10/site-packages/torch/utils/data/dataloader.py", line 701, in __next__
    data = self._next_data()
  File "/home/mla_group_01/.conda/envs/train/lib/python3.10/site-packages/torch/utils/data/dataloader.py", line 1445, in _next_data
    return self._process_data(data)
  File "/home/mla_group_01/.conda/envs/train/lib/python3.10/site-packages/torch/utils/data/dataloader.py", line 1491, in _process_data
    data.reraise()
  File "/home/mla_group_01/.conda/envs/train/lib/python3.10/site-packages/torch/_utils.py", line 715, in reraise
    raise exception
ValueError: Caught ValueError in DataLoader worker process 8.
Original Traceback (most recent call last):
  File "/home/mla_group_01/.conda/envs/train/lib/python3.10/site-packages/torch/utils/data/_utils/worker.py", line 351, in _worker_loop
    data = fetcher.fetch(index)  # type: ignore[possibly-undefined]
  File "/home/mla_group_01/.conda/envs/train/lib/python3.10/site-packages/torch/utils/data/_utils/fetch.py", line 33, in fetch
    data.append(next(self.dataset_iter))
  File "/home/mla_group_01/.conda/envs/train/lib/python3.10/site-packages/webdataset/pipeline.py", line 105, in iterator
    for sample in self.iterator1():
  File "/home/mla_group_01/.conda/envs/train/lib/python3.10/site-packages/webdataset/filters.py", line 692, in _map_tuple
    for sample in data:
  File "/home/mla_group_01/.conda/envs/train/lib/python3.10/site-packages/webdataset/filters.py", line 658, in _to_tuple
    for sample in data:
  File "/home/mla_group_01/.conda/envs/train/lib/python3.10/site-packages/webdataset/filters.py", line 520, in _map
    for sample in data:
  File "/home/mla_group_01/.conda/envs/train/lib/python3.10/site-packages/webdataset/filters.py", line 358, in _shuffle
    for sample in data:
  File "/home/mla_group_01/.conda/envs/train/lib/python3.10/site-packages/webdataset/compat.py", line 318, in check_empty
    raise ValueError(
ValueError: No samples found in dataset; perhaps you have fewer shards than workers.
Turn off using empty_check=False in the WebDataset constructor.

slurmstepd: error: *** JOB 908989 ON compute-4-14 CANCELLED AT 2025-10-28T12:05:21 ***
