Requirement already satisfied: pip in ./.venv/lib/python3.9/site-packages (25.3)
Requirement already satisfied: torch>=2.5.0 in ./.venv/lib/python3.9/site-packages (from -r /home/mla_group_01/rcc-ssrl/src/training/requirements.txt (line 1)) (2.5.1+cu121)
Requirement already satisfied: torchvision>=0.20.0 in ./.venv/lib/python3.9/site-packages (from -r /home/mla_group_01/rcc-ssrl/src/training/requirements.txt (line 2)) (0.20.1+cu121)
Requirement already satisfied: torchaudio>=2.5.0 in ./.venv/lib/python3.9/site-packages (from -r /home/mla_group_01/rcc-ssrl/src/training/requirements.txt (line 3)) (2.5.1+cu121)
Requirement already satisfied: webdataset<1.0,>=0.2.100 in ./.venv/lib/python3.9/site-packages (from -r /home/mla_group_01/rcc-ssrl/src/training/requirements.txt (line 4)) (0.2.100)
Requirement already satisfied: braceexpand>=0.1.7 in ./.venv/lib/python3.9/site-packages (from -r /home/mla_group_01/rcc-ssrl/src/training/requirements.txt (line 5)) (0.1.7)
Requirement already satisfied: pyarrow>=15.0.2 in ./.venv/lib/python3.9/site-packages (from -r /home/mla_group_01/rcc-ssrl/src/training/requirements.txt (line 6)) (20.0.0)
Requirement already satisfied: pandas>=2.3.3 in ./.venv/lib/python3.9/site-packages (from -r /home/mla_group_01/rcc-ssrl/src/training/requirements.txt (line 7)) (2.3.3)
Requirement already satisfied: scikit-learn>=1.4.2 in ./.venv/lib/python3.9/site-packages (from -r /home/mla_group_01/rcc-ssrl/src/training/requirements.txt (line 8)) (1.6.1)
Requirement already satisfied: pyyaml>=6.0 in ./.venv/lib/python3.9/site-packages (from -r /home/mla_group_01/rcc-ssrl/src/training/requirements.txt (line 9)) (6.0.3)
Requirement already satisfied: matplotlib>=3.9.0 in ./.venv/lib/python3.9/site-packages (from -r /home/mla_group_01/rcc-ssrl/src/training/requirements.txt (line 10)) (3.9.4)
Requirement already satisfied: seaborn>=0.13.0 in ./.venv/lib/python3.9/site-packages (from -r /home/mla_group_01/rcc-ssrl/src/training/requirements.txt (line 11)) (0.13.2)
Requirement already satisfied: mlflow>=3.1.0 in ./.venv/lib/python3.9/site-packages (from -r /home/mla_group_01/rcc-ssrl/src/training/requirements.txt (line 12)) (3.1.4)
Requirement already satisfied: umap-learn>=0.5.6 in ./.venv/lib/python3.9/site-packages (from -r /home/mla_group_01/rcc-ssrl/src/training/requirements.txt (line 13)) (0.5.9.post2)
Requirement already satisfied: timm>=1.0.7 in ./.venv/lib/python3.9/site-packages (from -r /home/mla_group_01/rcc-ssrl/src/training/requirements.txt (line 14)) (1.0.21)
Requirement already satisfied: numpy in ./.venv/lib/python3.9/site-packages (from webdataset<1.0,>=0.2.100->-r /home/mla_group_01/rcc-ssrl/src/training/requirements.txt (line 4)) (2.0.2)
Requirement already satisfied: filelock in ./.venv/lib/python3.9/site-packages (from torch>=2.5.0->-r /home/mla_group_01/rcc-ssrl/src/training/requirements.txt (line 1)) (3.19.1)
Requirement already satisfied: typing-extensions>=4.8.0 in ./.venv/lib/python3.9/site-packages (from torch>=2.5.0->-r /home/mla_group_01/rcc-ssrl/src/training/requirements.txt (line 1)) (4.15.0)
Requirement already satisfied: networkx in ./.venv/lib/python3.9/site-packages (from torch>=2.5.0->-r /home/mla_group_01/rcc-ssrl/src/training/requirements.txt (line 1)) (3.2.1)
Requirement already satisfied: jinja2 in ./.venv/lib/python3.9/site-packages (from torch>=2.5.0->-r /home/mla_group_01/rcc-ssrl/src/training/requirements.txt (line 1)) (3.1.6)
Requirement already satisfied: fsspec in ./.venv/lib/python3.9/site-packages (from torch>=2.5.0->-r /home/mla_group_01/rcc-ssrl/src/training/requirements.txt (line 1)) (2025.9.0)
Requirement already satisfied: nvidia-cuda-nvrtc-cu12==12.1.105 in ./.venv/lib/python3.9/site-packages (from torch>=2.5.0->-r /home/mla_group_01/rcc-ssrl/src/training/requirements.txt (line 1)) (12.1.105)
Requirement already satisfied: nvidia-cuda-runtime-cu12==12.1.105 in ./.venv/lib/python3.9/site-packages (from torch>=2.5.0->-r /home/mla_group_01/rcc-ssrl/src/training/requirements.txt (line 1)) (12.1.105)
Requirement already satisfied: nvidia-cuda-cupti-cu12==12.1.105 in ./.venv/lib/python3.9/site-packages (from torch>=2.5.0->-r /home/mla_group_01/rcc-ssrl/src/training/requirements.txt (line 1)) (12.1.105)
Requirement already satisfied: nvidia-cudnn-cu12==9.1.0.70 in ./.venv/lib/python3.9/site-packages (from torch>=2.5.0->-r /home/mla_group_01/rcc-ssrl/src/training/requirements.txt (line 1)) (9.1.0.70)
Requirement already satisfied: nvidia-cublas-cu12==12.1.3.1 in ./.venv/lib/python3.9/site-packages (from torch>=2.5.0->-r /home/mla_group_01/rcc-ssrl/src/training/requirements.txt (line 1)) (12.1.3.1)
Requirement already satisfied: nvidia-cufft-cu12==11.0.2.54 in ./.venv/lib/python3.9/site-packages (from torch>=2.5.0->-r /home/mla_group_01/rcc-ssrl/src/training/requirements.txt (line 1)) (11.0.2.54)
Requirement already satisfied: nvidia-curand-cu12==10.3.2.106 in ./.venv/lib/python3.9/site-packages (from torch>=2.5.0->-r /home/mla_group_01/rcc-ssrl/src/training/requirements.txt (line 1)) (10.3.2.106)
Requirement already satisfied: nvidia-cusolver-cu12==11.4.5.107 in ./.venv/lib/python3.9/site-packages (from torch>=2.5.0->-r /home/mla_group_01/rcc-ssrl/src/training/requirements.txt (line 1)) (11.4.5.107)
Requirement already satisfied: nvidia-cusparse-cu12==12.1.0.106 in ./.venv/lib/python3.9/site-packages (from torch>=2.5.0->-r /home/mla_group_01/rcc-ssrl/src/training/requirements.txt (line 1)) (12.1.0.106)
Requirement already satisfied: nvidia-nccl-cu12==2.21.5 in ./.venv/lib/python3.9/site-packages (from torch>=2.5.0->-r /home/mla_group_01/rcc-ssrl/src/training/requirements.txt (line 1)) (2.21.5)
Requirement already satisfied: nvidia-nvtx-cu12==12.1.105 in ./.venv/lib/python3.9/site-packages (from torch>=2.5.0->-r /home/mla_group_01/rcc-ssrl/src/training/requirements.txt (line 1)) (12.1.105)
Requirement already satisfied: triton==3.1.0 in ./.venv/lib/python3.9/site-packages (from torch>=2.5.0->-r /home/mla_group_01/rcc-ssrl/src/training/requirements.txt (line 1)) (3.1.0)
Requirement already satisfied: sympy==1.13.1 in ./.venv/lib/python3.9/site-packages (from torch>=2.5.0->-r /home/mla_group_01/rcc-ssrl/src/training/requirements.txt (line 1)) (1.13.1)
Requirement already satisfied: nvidia-nvjitlink-cu12 in ./.venv/lib/python3.9/site-packages (from nvidia-cusolver-cu12==11.4.5.107->torch>=2.5.0->-r /home/mla_group_01/rcc-ssrl/src/training/requirements.txt (line 1)) (12.8.93)
Requirement already satisfied: mpmath<1.4,>=1.1.0 in ./.venv/lib/python3.9/site-packages (from sympy==1.13.1->torch>=2.5.0->-r /home/mla_group_01/rcc-ssrl/src/training/requirements.txt (line 1)) (1.3.0)
Requirement already satisfied: pillow!=8.3.*,>=5.3.0 in ./.venv/lib/python3.9/site-packages (from torchvision>=0.20.0->-r /home/mla_group_01/rcc-ssrl/src/training/requirements.txt (line 2)) (11.3.0)
Requirement already satisfied: python-dateutil>=2.8.2 in ./.venv/lib/python3.9/site-packages (from pandas>=2.3.3->-r /home/mla_group_01/rcc-ssrl/src/training/requirements.txt (line 7)) (2.9.0.post0)
Requirement already satisfied: pytz>=2020.1 in ./.venv/lib/python3.9/site-packages (from pandas>=2.3.3->-r /home/mla_group_01/rcc-ssrl/src/training/requirements.txt (line 7)) (2025.2)
Requirement already satisfied: tzdata>=2022.7 in ./.venv/lib/python3.9/site-packages (from pandas>=2.3.3->-r /home/mla_group_01/rcc-ssrl/src/training/requirements.txt (line 7)) (2025.2)
Requirement already satisfied: scipy>=1.6.0 in ./.venv/lib/python3.9/site-packages (from scikit-learn>=1.4.2->-r /home/mla_group_01/rcc-ssrl/src/training/requirements.txt (line 8)) (1.13.1)
Requirement already satisfied: joblib>=1.2.0 in ./.venv/lib/python3.9/site-packages (from scikit-learn>=1.4.2->-r /home/mla_group_01/rcc-ssrl/src/training/requirements.txt (line 8)) (1.5.2)
Requirement already satisfied: threadpoolctl>=3.1.0 in ./.venv/lib/python3.9/site-packages (from scikit-learn>=1.4.2->-r /home/mla_group_01/rcc-ssrl/src/training/requirements.txt (line 8)) (3.6.0)
Requirement already satisfied: contourpy>=1.0.1 in ./.venv/lib/python3.9/site-packages (from matplotlib>=3.9.0->-r /home/mla_group_01/rcc-ssrl/src/training/requirements.txt (line 10)) (1.3.0)
Requirement already satisfied: cycler>=0.10 in ./.venv/lib/python3.9/site-packages (from matplotlib>=3.9.0->-r /home/mla_group_01/rcc-ssrl/src/training/requirements.txt (line 10)) (0.12.1)
Requirement already satisfied: fonttools>=4.22.0 in ./.venv/lib/python3.9/site-packages (from matplotlib>=3.9.0->-r /home/mla_group_01/rcc-ssrl/src/training/requirements.txt (line 10)) (4.60.1)
Requirement already satisfied: kiwisolver>=1.3.1 in ./.venv/lib/python3.9/site-packages (from matplotlib>=3.9.0->-r /home/mla_group_01/rcc-ssrl/src/training/requirements.txt (line 10)) (1.4.7)
Requirement already satisfied: packaging>=20.0 in ./.venv/lib/python3.9/site-packages (from matplotlib>=3.9.0->-r /home/mla_group_01/rcc-ssrl/src/training/requirements.txt (line 10)) (25.0)
Requirement already satisfied: pyparsing>=2.3.1 in ./.venv/lib/python3.9/site-packages (from matplotlib>=3.9.0->-r /home/mla_group_01/rcc-ssrl/src/training/requirements.txt (line 10)) (3.2.5)
Requirement already satisfied: importlib-resources>=3.2.0 in ./.venv/lib/python3.9/site-packages (from matplotlib>=3.9.0->-r /home/mla_group_01/rcc-ssrl/src/training/requirements.txt (line 10)) (6.5.2)
Requirement already satisfied: mlflow-skinny==3.1.4 in ./.venv/lib/python3.9/site-packages (from mlflow>=3.1.0->-r /home/mla_group_01/rcc-ssrl/src/training/requirements.txt (line 12)) (3.1.4)
Requirement already satisfied: Flask<4 in ./.venv/lib/python3.9/site-packages (from mlflow>=3.1.0->-r /home/mla_group_01/rcc-ssrl/src/training/requirements.txt (line 12)) (3.1.2)
Requirement already satisfied: alembic!=1.10.0,<2 in ./.venv/lib/python3.9/site-packages (from mlflow>=3.1.0->-r /home/mla_group_01/rcc-ssrl/src/training/requirements.txt (line 12)) (1.16.5)
Requirement already satisfied: docker<8,>=4.0.0 in ./.venv/lib/python3.9/site-packages (from mlflow>=3.1.0->-r /home/mla_group_01/rcc-ssrl/src/training/requirements.txt (line 12)) (7.1.0)
Requirement already satisfied: graphene<4 in ./.venv/lib/python3.9/site-packages (from mlflow>=3.1.0->-r /home/mla_group_01/rcc-ssrl/src/training/requirements.txt (line 12)) (3.4.3)
Requirement already satisfied: gunicorn<24 in ./.venv/lib/python3.9/site-packages (from mlflow>=3.1.0->-r /home/mla_group_01/rcc-ssrl/src/training/requirements.txt (line 12)) (23.0.0)
Requirement already satisfied: sqlalchemy<3,>=1.4.0 in ./.venv/lib/python3.9/site-packages (from mlflow>=3.1.0->-r /home/mla_group_01/rcc-ssrl/src/training/requirements.txt (line 12)) (2.0.44)
Requirement already satisfied: cachetools<7,>=5.0.0 in ./.venv/lib/python3.9/site-packages (from mlflow-skinny==3.1.4->mlflow>=3.1.0->-r /home/mla_group_01/rcc-ssrl/src/training/requirements.txt (line 12)) (6.2.1)
Requirement already satisfied: click<9,>=7.0 in ./.venv/lib/python3.9/site-packages (from mlflow-skinny==3.1.4->mlflow>=3.1.0->-r /home/mla_group_01/rcc-ssrl/src/training/requirements.txt (line 12)) (8.1.8)
Requirement already satisfied: cloudpickle<4 in ./.venv/lib/python3.9/site-packages (from mlflow-skinny==3.1.4->mlflow>=3.1.0->-r /home/mla_group_01/rcc-ssrl/src/training/requirements.txt (line 12)) (3.1.1)
Requirement already satisfied: databricks-sdk<1,>=0.20.0 in ./.venv/lib/python3.9/site-packages (from mlflow-skinny==3.1.4->mlflow>=3.1.0->-r /home/mla_group_01/rcc-ssrl/src/training/requirements.txt (line 12)) (0.70.0)
Requirement already satisfied: fastapi<1 in ./.venv/lib/python3.9/site-packages (from mlflow-skinny==3.1.4->mlflow>=3.1.0->-r /home/mla_group_01/rcc-ssrl/src/training/requirements.txt (line 12)) (0.120.2)
Requirement already satisfied: gitpython<4,>=3.1.9 in ./.venv/lib/python3.9/site-packages (from mlflow-skinny==3.1.4->mlflow>=3.1.0->-r /home/mla_group_01/rcc-ssrl/src/training/requirements.txt (line 12)) (3.1.45)
Requirement already satisfied: importlib_metadata!=4.7.0,<9,>=3.7.0 in ./.venv/lib/python3.9/site-packages (from mlflow-skinny==3.1.4->mlflow>=3.1.0->-r /home/mla_group_01/rcc-ssrl/src/training/requirements.txt (line 12)) (8.7.0)
Requirement already satisfied: opentelemetry-api<3,>=1.9.0 in ./.venv/lib/python3.9/site-packages (from mlflow-skinny==3.1.4->mlflow>=3.1.0->-r /home/mla_group_01/rcc-ssrl/src/training/requirements.txt (line 12)) (1.38.0)
Requirement already satisfied: opentelemetry-sdk<3,>=1.9.0 in ./.venv/lib/python3.9/site-packages (from mlflow-skinny==3.1.4->mlflow>=3.1.0->-r /home/mla_group_01/rcc-ssrl/src/training/requirements.txt (line 12)) (1.38.0)
Requirement already satisfied: protobuf<7,>=3.12.0 in ./.venv/lib/python3.9/site-packages (from mlflow-skinny==3.1.4->mlflow>=3.1.0->-r /home/mla_group_01/rcc-ssrl/src/training/requirements.txt (line 12)) (6.33.0)
Requirement already satisfied: pydantic<3,>=1.10.8 in ./.venv/lib/python3.9/site-packages (from mlflow-skinny==3.1.4->mlflow>=3.1.0->-r /home/mla_group_01/rcc-ssrl/src/training/requirements.txt (line 12)) (2.12.3)
Requirement already satisfied: requests<3,>=2.17.3 in ./.venv/lib/python3.9/site-packages (from mlflow-skinny==3.1.4->mlflow>=3.1.0->-r /home/mla_group_01/rcc-ssrl/src/training/requirements.txt (line 12)) (2.32.5)
Requirement already satisfied: sqlparse<1,>=0.4.0 in ./.venv/lib/python3.9/site-packages (from mlflow-skinny==3.1.4->mlflow>=3.1.0->-r /home/mla_group_01/rcc-ssrl/src/training/requirements.txt (line 12)) (0.5.3)
Requirement already satisfied: uvicorn<1 in ./.venv/lib/python3.9/site-packages (from mlflow-skinny==3.1.4->mlflow>=3.1.0->-r /home/mla_group_01/rcc-ssrl/src/training/requirements.txt (line 12)) (0.38.0)
Requirement already satisfied: Mako in ./.venv/lib/python3.9/site-packages (from alembic!=1.10.0,<2->mlflow>=3.1.0->-r /home/mla_group_01/rcc-ssrl/src/training/requirements.txt (line 12)) (1.3.10)
Requirement already satisfied: tomli in ./.venv/lib/python3.9/site-packages (from alembic!=1.10.0,<2->mlflow>=3.1.0->-r /home/mla_group_01/rcc-ssrl/src/training/requirements.txt (line 12)) (2.3.0)
Requirement already satisfied: google-auth~=2.0 in ./.venv/lib/python3.9/site-packages (from databricks-sdk<1,>=0.20.0->mlflow-skinny==3.1.4->mlflow>=3.1.0->-r /home/mla_group_01/rcc-ssrl/src/training/requirements.txt (line 12)) (2.42.0)
Requirement already satisfied: urllib3>=1.26.0 in ./.venv/lib/python3.9/site-packages (from docker<8,>=4.0.0->mlflow>=3.1.0->-r /home/mla_group_01/rcc-ssrl/src/training/requirements.txt (line 12)) (2.5.0)
Requirement already satisfied: starlette<0.50.0,>=0.40.0 in ./.venv/lib/python3.9/site-packages (from fastapi<1->mlflow-skinny==3.1.4->mlflow>=3.1.0->-r /home/mla_group_01/rcc-ssrl/src/training/requirements.txt (line 12)) (0.49.1)
Requirement already satisfied: annotated-doc>=0.0.2 in ./.venv/lib/python3.9/site-packages (from fastapi<1->mlflow-skinny==3.1.4->mlflow>=3.1.0->-r /home/mla_group_01/rcc-ssrl/src/training/requirements.txt (line 12)) (0.0.3)
Requirement already satisfied: blinker>=1.9.0 in ./.venv/lib/python3.9/site-packages (from Flask<4->mlflow>=3.1.0->-r /home/mla_group_01/rcc-ssrl/src/training/requirements.txt (line 12)) (1.9.0)
Requirement already satisfied: itsdangerous>=2.2.0 in ./.venv/lib/python3.9/site-packages (from Flask<4->mlflow>=3.1.0->-r /home/mla_group_01/rcc-ssrl/src/training/requirements.txt (line 12)) (2.2.0)
Requirement already satisfied: markupsafe>=2.1.1 in ./.venv/lib/python3.9/site-packages (from Flask<4->mlflow>=3.1.0->-r /home/mla_group_01/rcc-ssrl/src/training/requirements.txt (line 12)) (3.0.3)
Requirement already satisfied: werkzeug>=3.1.0 in ./.venv/lib/python3.9/site-packages (from Flask<4->mlflow>=3.1.0->-r /home/mla_group_01/rcc-ssrl/src/training/requirements.txt (line 12)) (3.1.3)
Requirement already satisfied: gitdb<5,>=4.0.1 in ./.venv/lib/python3.9/site-packages (from gitpython<4,>=3.1.9->mlflow-skinny==3.1.4->mlflow>=3.1.0->-r /home/mla_group_01/rcc-ssrl/src/training/requirements.txt (line 12)) (4.0.12)
Requirement already satisfied: smmap<6,>=3.0.1 in ./.venv/lib/python3.9/site-packages (from gitdb<5,>=4.0.1->gitpython<4,>=3.1.9->mlflow-skinny==3.1.4->mlflow>=3.1.0->-r /home/mla_group_01/rcc-ssrl/src/training/requirements.txt (line 12)) (5.0.2)
Requirement already satisfied: pyasn1-modules>=0.2.1 in ./.venv/lib/python3.9/site-packages (from google-auth~=2.0->databricks-sdk<1,>=0.20.0->mlflow-skinny==3.1.4->mlflow>=3.1.0->-r /home/mla_group_01/rcc-ssrl/src/training/requirements.txt (line 12)) (0.4.2)
Requirement already satisfied: rsa<5,>=3.1.4 in ./.venv/lib/python3.9/site-packages (from google-auth~=2.0->databricks-sdk<1,>=0.20.0->mlflow-skinny==3.1.4->mlflow>=3.1.0->-r /home/mla_group_01/rcc-ssrl/src/training/requirements.txt (line 12)) (4.9.1)
Requirement already satisfied: graphql-core<3.3,>=3.1 in ./.venv/lib/python3.9/site-packages (from graphene<4->mlflow>=3.1.0->-r /home/mla_group_01/rcc-ssrl/src/training/requirements.txt (line 12)) (3.2.6)
Requirement already satisfied: graphql-relay<3.3,>=3.1 in ./.venv/lib/python3.9/site-packages (from graphene<4->mlflow>=3.1.0->-r /home/mla_group_01/rcc-ssrl/src/training/requirements.txt (line 12)) (3.2.0)
Requirement already satisfied: zipp>=3.20 in ./.venv/lib/python3.9/site-packages (from importlib_metadata!=4.7.0,<9,>=3.7.0->mlflow-skinny==3.1.4->mlflow>=3.1.0->-r /home/mla_group_01/rcc-ssrl/src/training/requirements.txt (line 12)) (3.23.0)
Requirement already satisfied: opentelemetry-semantic-conventions==0.59b0 in ./.venv/lib/python3.9/site-packages (from opentelemetry-sdk<3,>=1.9.0->mlflow-skinny==3.1.4->mlflow>=3.1.0->-r /home/mla_group_01/rcc-ssrl/src/training/requirements.txt (line 12)) (0.59b0)
Requirement already satisfied: annotated-types>=0.6.0 in ./.venv/lib/python3.9/site-packages (from pydantic<3,>=1.10.8->mlflow-skinny==3.1.4->mlflow>=3.1.0->-r /home/mla_group_01/rcc-ssrl/src/training/requirements.txt (line 12)) (0.7.0)
Requirement already satisfied: pydantic-core==2.41.4 in ./.venv/lib/python3.9/site-packages (from pydantic<3,>=1.10.8->mlflow-skinny==3.1.4->mlflow>=3.1.0->-r /home/mla_group_01/rcc-ssrl/src/training/requirements.txt (line 12)) (2.41.4)
Requirement already satisfied: typing-inspection>=0.4.2 in ./.venv/lib/python3.9/site-packages (from pydantic<3,>=1.10.8->mlflow-skinny==3.1.4->mlflow>=3.1.0->-r /home/mla_group_01/rcc-ssrl/src/training/requirements.txt (line 12)) (0.4.2)
Requirement already satisfied: six>=1.5 in ./.venv/lib/python3.9/site-packages (from python-dateutil>=2.8.2->pandas>=2.3.3->-r /home/mla_group_01/rcc-ssrl/src/training/requirements.txt (line 7)) (1.17.0)
Requirement already satisfied: charset_normalizer<4,>=2 in ./.venv/lib/python3.9/site-packages (from requests<3,>=2.17.3->mlflow-skinny==3.1.4->mlflow>=3.1.0->-r /home/mla_group_01/rcc-ssrl/src/training/requirements.txt (line 12)) (3.4.4)
Requirement already satisfied: idna<4,>=2.5 in ./.venv/lib/python3.9/site-packages (from requests<3,>=2.17.3->mlflow-skinny==3.1.4->mlflow>=3.1.0->-r /home/mla_group_01/rcc-ssrl/src/training/requirements.txt (line 12)) (3.11)
Requirement already satisfied: certifi>=2017.4.17 in ./.venv/lib/python3.9/site-packages (from requests<3,>=2.17.3->mlflow-skinny==3.1.4->mlflow>=3.1.0->-r /home/mla_group_01/rcc-ssrl/src/training/requirements.txt (line 12)) (2025.10.5)
Requirement already satisfied: pyasn1>=0.1.3 in ./.venv/lib/python3.9/site-packages (from rsa<5,>=3.1.4->google-auth~=2.0->databricks-sdk<1,>=0.20.0->mlflow-skinny==3.1.4->mlflow>=3.1.0->-r /home/mla_group_01/rcc-ssrl/src/training/requirements.txt (line 12)) (0.6.1)
Requirement already satisfied: greenlet>=1 in ./.venv/lib/python3.9/site-packages (from sqlalchemy<3,>=1.4.0->mlflow>=3.1.0->-r /home/mla_group_01/rcc-ssrl/src/training/requirements.txt (line 12)) (3.2.4)
Requirement already satisfied: anyio<5,>=3.6.2 in ./.venv/lib/python3.9/site-packages (from starlette<0.50.0,>=0.40.0->fastapi<1->mlflow-skinny==3.1.4->mlflow>=3.1.0->-r /home/mla_group_01/rcc-ssrl/src/training/requirements.txt (line 12)) (4.11.0)
Requirement already satisfied: exceptiongroup>=1.0.2 in ./.venv/lib/python3.9/site-packages (from anyio<5,>=3.6.2->starlette<0.50.0,>=0.40.0->fastapi<1->mlflow-skinny==3.1.4->mlflow>=3.1.0->-r /home/mla_group_01/rcc-ssrl/src/training/requirements.txt (line 12)) (1.3.0)
Requirement already satisfied: sniffio>=1.1 in ./.venv/lib/python3.9/site-packages (from anyio<5,>=3.6.2->starlette<0.50.0,>=0.40.0->fastapi<1->mlflow-skinny==3.1.4->mlflow>=3.1.0->-r /home/mla_group_01/rcc-ssrl/src/training/requirements.txt (line 12)) (1.3.1)
Requirement already satisfied: h11>=0.8 in ./.venv/lib/python3.9/site-packages (from uvicorn<1->mlflow-skinny==3.1.4->mlflow>=3.1.0->-r /home/mla_group_01/rcc-ssrl/src/training/requirements.txt (line 12)) (0.16.0)
Requirement already satisfied: numba>=0.51.2 in ./.venv/lib/python3.9/site-packages (from umap-learn>=0.5.6->-r /home/mla_group_01/rcc-ssrl/src/training/requirements.txt (line 13)) (0.60.0)
Requirement already satisfied: pynndescent>=0.5 in ./.venv/lib/python3.9/site-packages (from umap-learn>=0.5.6->-r /home/mla_group_01/rcc-ssrl/src/training/requirements.txt (line 13)) (0.5.13)
Requirement already satisfied: tqdm in ./.venv/lib/python3.9/site-packages (from umap-learn>=0.5.6->-r /home/mla_group_01/rcc-ssrl/src/training/requirements.txt (line 13)) (4.67.1)
Requirement already satisfied: huggingface_hub in ./.venv/lib/python3.9/site-packages (from timm>=1.0.7->-r /home/mla_group_01/rcc-ssrl/src/training/requirements.txt (line 14)) (1.0.1)
Requirement already satisfied: safetensors in ./.venv/lib/python3.9/site-packages (from timm>=1.0.7->-r /home/mla_group_01/rcc-ssrl/src/training/requirements.txt (line 14)) (0.6.2)
Requirement already satisfied: llvmlite<0.44,>=0.43.0dev0 in ./.venv/lib/python3.9/site-packages (from numba>=0.51.2->umap-learn>=0.5.6->-r /home/mla_group_01/rcc-ssrl/src/training/requirements.txt (line 13)) (0.43.0)
Requirement already satisfied: httpx<1,>=0.23.0 in ./.venv/lib/python3.9/site-packages (from huggingface_hub->timm>=1.0.7->-r /home/mla_group_01/rcc-ssrl/src/training/requirements.txt (line 14)) (0.28.1)
Requirement already satisfied: shellingham in ./.venv/lib/python3.9/site-packages (from huggingface_hub->timm>=1.0.7->-r /home/mla_group_01/rcc-ssrl/src/training/requirements.txt (line 14)) (1.5.4)
Requirement already satisfied: typer-slim in ./.venv/lib/python3.9/site-packages (from huggingface_hub->timm>=1.0.7->-r /home/mla_group_01/rcc-ssrl/src/training/requirements.txt (line 14)) (0.20.0)
Requirement already satisfied: hf-xet<2.0.0,>=1.2.0 in ./.venv/lib/python3.9/site-packages (from huggingface_hub->timm>=1.0.7->-r /home/mla_group_01/rcc-ssrl/src/training/requirements.txt (line 14)) (1.2.0)
Requirement already satisfied: httpcore==1.* in ./.venv/lib/python3.9/site-packages (from httpx<1,>=0.23.0->huggingface_hub->timm>=1.0.7->-r /home/mla_group_01/rcc-ssrl/src/training/requirements.txt (line 14)) (1.0.9)
[bootstrap_env] ready: venv=/home/mla_group_01/rcc-ssrl/.venv, deps=1
GPU 0: NVIDIA A40 (UUID: GPU-72662f08-75c4-dae0-bb64-b2f3280f9afa)
Torch 2.5.1+cu121 CUDA True NGPU 1
[paths] project_root=/beegfs-scratch/mla_group_01/workspace/mla_group_01/wsi-ssrl-rcc_project outputs_root=/beegfs-scratch/mla_group_01/workspace/mla_group_01/wsi-ssrl-rcc_project/outputs/mlruns
[paths] webdataset.rcc_v2: train=/beegfs-scratch/mla_group_01/workspace/mla_group_01/wsi-ssrl-rcc_project/data/processed/rcc_webdataset_final/train val=/beegfs-scratch/mla_group_01/workspace/mla_group_01/wsi-ssrl-rcc_project/data/processed/rcc_webdataset_final/val test=/beegfs-scratch/mla_group_01/workspace/mla_group_01/wsi-ssrl-rcc_project/data/processed/rcc_webdataset_final/test
[paths] dataset_key=rcc_v2 -> train=/beegfs-scratch/mla_group_01/workspace/mla_group_01/wsi-ssrl-rcc_project/data/processed/rcc_webdataset_final/train val=/beegfs-scratch/mla_group_01/workspace/mla_group_01/wsi-ssrl-rcc_project/data/processed/rcc_webdataset_final/val test=/beegfs-scratch/mla_group_01/workspace/mla_group_01/wsi-ssrl-rcc_project/data/processed/rcc_webdataset_final/test
[RUN][moco_v3] device=cuda
[moco_v3][epoch 1/2] step 1/600 (global 1/1200) ema_m=0.9970 loss_main=8.4784 neg_sim=0.0031 pos_sim=-0.0035 ssl_loss=8.4784 t_teacher=0.2000 | ETA=01:12:45
[moco_v3][epoch 1/2] step 11/600 (global 11/1200) ema_m=0.9970 loss_main=8.4185 neg_sim=0.0033 pos_sim=0.0019 ssl_loss=8.4185 t_teacher=0.2000 | ETA=00:12:58
[moco_v3][epoch 1/2] step 21/600 (global 21/1200) ema_m=0.9970 loss_main=8.2096 neg_sim=0.0017 pos_sim=0.0368 ssl_loss=8.2096 t_teacher=0.2000 | ETA=00:10:04
[moco_v3][epoch 1/2] step 31/600 (global 31/1200) ema_m=0.9970 loss_main=7.9260 neg_sim=-0.0006 pos_sim=0.0644 ssl_loss=7.9260 t_teacher=0.2000 | ETA=00:08:59
[moco_v3][epoch 1/2] step 41/600 (global 41/1200) ema_m=0.9970 loss_main=8.0195 neg_sim=-0.0005 pos_sim=0.0747 ssl_loss=8.0195 t_teacher=0.2000 | ETA=00:08:25
[moco_v3][epoch 1/2] step 51/600 (global 51/1200) ema_m=0.9970 loss_main=8.0168 neg_sim=0.0004 pos_sim=0.0723 ssl_loss=8.0168 t_teacher=0.2000 | ETA=00:08:02
[moco_v3][epoch 1/2] step 61/600 (global 61/1200) ema_m=0.9970 loss_main=7.7530 neg_sim=0.0018 pos_sim=0.0948 ssl_loss=7.7530 t_teacher=0.2000 | ETA=00:07:46
[moco_v3][epoch 1/2] step 71/600 (global 71/1200) ema_m=0.9970 loss_main=7.9897 neg_sim=0.0024 pos_sim=0.0842 ssl_loss=7.9897 t_teacher=0.2000 | ETA=00:07:33
[moco_v3][epoch 1/2] step 81/600 (global 81/1200) ema_m=0.9970 loss_main=7.8406 neg_sim=0.0027 pos_sim=0.0936 ssl_loss=7.8406 t_teacher=0.2000 | ETA=00:07:23
[moco_v3][epoch 1/2] step 91/600 (global 91/1200) ema_m=0.9970 loss_main=7.8557 neg_sim=0.0015 pos_sim=0.0883 ssl_loss=7.8557 t_teacher=0.2000 | ETA=00:07:14
[moco_v3][epoch 1/2] step 101/600 (global 101/1200) ema_m=0.9971 loss_main=7.5989 neg_sim=0.0024 pos_sim=0.1267 ssl_loss=7.5989 t_teacher=0.2000 | ETA=00:07:06
[moco_v3][epoch 1/2] step 111/600 (global 111/1200) ema_m=0.9971 loss_main=8.0312 neg_sim=0.0040 pos_sim=0.0755 ssl_loss=8.0312 t_teacher=0.2000 | ETA=00:06:59
[moco_v3][epoch 1/2] step 121/600 (global 121/1200) ema_m=0.9971 loss_main=7.8586 neg_sim=0.0037 pos_sim=0.0877 ssl_loss=7.8586 t_teacher=0.2000 | ETA=00:06:53
[moco_v3][epoch 1/2] step 131/600 (global 131/1200) ema_m=0.9971 loss_main=7.9245 neg_sim=0.0044 pos_sim=0.1002 ssl_loss=7.9245 t_teacher=0.2000 | ETA=00:06:47
[moco_v3][epoch 1/2] step 141/600 (global 141/1200) ema_m=0.9971 loss_main=7.8143 neg_sim=0.0037 pos_sim=0.1028 ssl_loss=7.8143 t_teacher=0.2000 | ETA=00:06:41
[moco_v3][epoch 1/2] step 151/600 (global 151/1200) ema_m=0.9971 loss_main=7.6524 neg_sim=0.0069 pos_sim=0.1206 ssl_loss=7.6524 t_teacher=0.2000 | ETA=00:06:36
[moco_v3][epoch 1/2] step 161/600 (global 161/1200) ema_m=0.9971 loss_main=7.8366 neg_sim=0.0106 pos_sim=0.1134 ssl_loss=7.8366 t_teacher=0.2000 | ETA=00:06:31
[moco_v3][epoch 1/2] step 171/600 (global 171/1200) ema_m=0.9971 loss_main=7.8934 neg_sim=0.0074 pos_sim=0.1023 ssl_loss=7.8934 t_teacher=0.2000 | ETA=00:06:26
[moco_v3][epoch 1/2] step 181/600 (global 181/1200) ema_m=0.9972 loss_main=7.6936 neg_sim=0.0036 pos_sim=0.1254 ssl_loss=7.6936 t_teacher=0.2000 | ETA=00:06:21
[moco_v3][epoch 1/2] step 191/600 (global 191/1200) ema_m=0.9972 loss_main=7.8186 neg_sim=0.0038 pos_sim=0.1049 ssl_loss=7.8186 t_teacher=0.2000 | ETA=00:06:16
[moco_v3][epoch 1/2] step 201/600 (global 201/1200) ema_m=0.9972 loss_main=7.9588 neg_sim=0.0032 pos_sim=0.0818 ssl_loss=7.9588 t_teacher=0.2000 | ETA=00:06:12
[moco_v3][epoch 1/2] step 211/600 (global 211/1200) ema_m=0.9972 loss_main=7.7901 neg_sim=0.0041 pos_sim=0.1098 ssl_loss=7.7901 t_teacher=0.2000 | ETA=00:06:08
[moco_v3][epoch 1/2] step 221/600 (global 221/1200) ema_m=0.9972 loss_main=7.6138 neg_sim=0.0058 pos_sim=0.1315 ssl_loss=7.6138 t_teacher=0.2000 | ETA=00:06:03
[moco_v3][epoch 1/2] step 231/600 (global 231/1200) ema_m=0.9973 loss_main=8.0713 neg_sim=0.0078 pos_sim=0.0817 ssl_loss=8.0713 t_teacher=0.2000 | ETA=00:05:59
[moco_v3][epoch 1/2] step 241/600 (global 241/1200) ema_m=0.9973 loss_main=7.7479 neg_sim=0.0064 pos_sim=0.1149 ssl_loss=7.7479 t_teacher=0.2000 | ETA=00:05:55
[moco_v3][epoch 1/2] step 251/600 (global 251/1200) ema_m=0.9973 loss_main=7.5732 neg_sim=0.0066 pos_sim=0.1420 ssl_loss=7.5732 t_teacher=0.2000 | ETA=00:05:51
[moco_v3][epoch 1/2] step 261/600 (global 261/1200) ema_m=0.9973 loss_main=7.7818 neg_sim=0.0031 pos_sim=0.1057 ssl_loss=7.7818 t_teacher=0.2000 | ETA=00:05:47
[moco_v3][epoch 1/2] step 271/600 (global 271/1200) ema_m=0.9974 loss_main=7.7127 neg_sim=0.0039 pos_sim=0.1255 ssl_loss=7.7127 t_teacher=0.2000 | ETA=00:05:43
[moco_v3][epoch 1/2] step 281/600 (global 281/1200) ema_m=0.9974 loss_main=7.8605 neg_sim=0.0047 pos_sim=0.1116 ssl_loss=7.8605 t_teacher=0.2000 | ETA=00:05:39
[moco_v3][epoch 1/2] step 291/600 (global 291/1200) ema_m=0.9974 loss_main=7.8033 neg_sim=0.0061 pos_sim=0.1207 ssl_loss=7.8033 t_teacher=0.2000 | ETA=00:05:35
[moco_v3][epoch 1/2] step 301/600 (global 301/1200) ema_m=0.9974 loss_main=7.7870 neg_sim=0.0058 pos_sim=0.1190 ssl_loss=7.7870 t_teacher=0.2000 | ETA=00:05:31
[moco_v3][epoch 1/2] step 311/600 (global 311/1200) ema_m=0.9975 loss_main=7.7579 neg_sim=0.0075 pos_sim=0.1269 ssl_loss=7.7579 t_teacher=0.2000 | ETA=00:05:27
[moco_v3][epoch 1/2] step 321/600 (global 321/1200) ema_m=0.9975 loss_main=7.6524 neg_sim=0.0059 pos_sim=0.1405 ssl_loss=7.6524 t_teacher=0.2000 | ETA=00:05:23
[moco_v3][epoch 1/2] step 331/600 (global 331/1200) ema_m=0.9975 loss_main=7.7561 neg_sim=0.0080 pos_sim=0.1220 ssl_loss=7.7561 t_teacher=0.2000 | ETA=00:05:19
[moco_v3][epoch 1/2] step 341/600 (global 341/1200) ema_m=0.9976 loss_main=7.7426 neg_sim=0.0089 pos_sim=0.1220 ssl_loss=7.7426 t_teacher=0.2000 | ETA=00:05:15
[moco_v3][epoch 1/2] step 351/600 (global 351/1200) ema_m=0.9976 loss_main=7.7649 neg_sim=0.0086 pos_sim=0.1350 ssl_loss=7.7649 t_teacher=0.2000 | ETA=00:05:11
[moco_v3][epoch 1/2] step 361/600 (global 361/1200) ema_m=0.9976 loss_main=7.8692 neg_sim=0.0064 pos_sim=0.1174 ssl_loss=7.8692 t_teacher=0.2000 | ETA=00:05:07
[moco_v3][epoch 1/2] step 371/600 (global 371/1200) ema_m=0.9977 loss_main=7.5006 neg_sim=0.0069 pos_sim=0.1601 ssl_loss=7.5006 t_teacher=0.2000 | ETA=00:05:03
[moco_v3][epoch 1/2] step 381/600 (global 381/1200) ema_m=0.9977 loss_main=7.7895 neg_sim=0.0049 pos_sim=0.1312 ssl_loss=7.7895 t_teacher=0.2000 | ETA=00:05:00
[moco_v3][epoch 1/2] step 391/600 (global 391/1200) ema_m=0.9977 loss_main=7.5493 neg_sim=0.0048 pos_sim=0.1594 ssl_loss=7.5493 t_teacher=0.2000 | ETA=00:04:56
[moco_v3][epoch 1/2] step 401/600 (global 401/1200) ema_m=0.9978 loss_main=7.7768 neg_sim=0.0089 pos_sim=0.1264 ssl_loss=7.7768 t_teacher=0.2000 | ETA=00:04:52
[moco_v3][epoch 1/2] step 411/600 (global 411/1200) ema_m=0.9978 loss_main=7.8165 neg_sim=0.0044 pos_sim=0.1283 ssl_loss=7.8165 t_teacher=0.2000 | ETA=00:04:49
[moco_v3][epoch 1/2] step 421/600 (global 421/1200) ema_m=0.9978 loss_main=7.9584 neg_sim=0.0038 pos_sim=0.1118 ssl_loss=7.9584 t_teacher=0.2000 | ETA=00:04:45
[moco_v3][epoch 1/2] step 431/600 (global 431/1200) ema_m=0.9979 loss_main=7.6506 neg_sim=0.0036 pos_sim=0.1489 ssl_loss=7.6506 t_teacher=0.2000 | ETA=00:04:41
[moco_v3][epoch 1/2] step 441/600 (global 441/1200) ema_m=0.9979 loss_main=7.3421 neg_sim=0.0093 pos_sim=0.1837 ssl_loss=7.3421 t_teacher=0.2000 | ETA=00:04:37
[moco_v3][epoch 1/2] step 451/600 (global 451/1200) ema_m=0.9979 loss_main=7.8250 neg_sim=0.0067 pos_sim=0.1203 ssl_loss=7.8250 t_teacher=0.2000 | ETA=00:04:34
[moco_v3][epoch 1/2] step 461/600 (global 461/1200) ema_m=0.9980 loss_main=7.9701 neg_sim=0.0076 pos_sim=0.1099 ssl_loss=7.9701 t_teacher=0.2000 | ETA=00:04:30
[moco_v3][epoch 1/2] step 471/600 (global 471/1200) ema_m=0.9980 loss_main=7.8405 neg_sim=0.0113 pos_sim=0.1246 ssl_loss=7.8405 t_teacher=0.2000 | ETA=00:04:26
[moco_v3][epoch 1/2] step 481/600 (global 481/1200) ema_m=0.9980 loss_main=7.6260 neg_sim=0.0147 pos_sim=0.1495 ssl_loss=7.6260 t_teacher=0.2000 | ETA=00:04:22
[moco_v3][epoch 1/2] step 491/600 (global 491/1200) ema_m=0.9981 loss_main=7.7771 neg_sim=0.0118 pos_sim=0.1401 ssl_loss=7.7771 t_teacher=0.2000 | ETA=00:04:19
[moco_v3][epoch 1/2] step 501/600 (global 501/1200) ema_m=0.9981 loss_main=7.6431 neg_sim=0.0081 pos_sim=0.1542 ssl_loss=7.6431 t_teacher=0.2000 | ETA=00:04:15
[moco_v3][epoch 1/2] step 511/600 (global 511/1200) ema_m=0.9982 loss_main=7.9231 neg_sim=0.0068 pos_sim=0.1299 ssl_loss=7.9231 t_teacher=0.2000 | ETA=00:04:11
[moco_v3][epoch 1/2] step 521/600 (global 521/1200) ema_m=0.9982 loss_main=7.6515 neg_sim=0.0098 pos_sim=0.1597 ssl_loss=7.6515 t_teacher=0.2000 | ETA=00:04:07
[moco_v3][epoch 1/2] step 531/600 (global 531/1200) ema_m=0.9982 loss_main=7.7650 neg_sim=0.0064 pos_sim=0.1329 ssl_loss=7.7650 t_teacher=0.2000 | ETA=00:04:04
[moco_v3][epoch 1/2] step 541/600 (global 541/1200) ema_m=0.9983 loss_main=7.5028 neg_sim=0.0072 pos_sim=0.1634 ssl_loss=7.5028 t_teacher=0.2000 | ETA=00:04:00
[moco_v3][epoch 1/2] step 551/600 (global 551/1200) ema_m=0.9983 loss_main=7.4702 neg_sim=0.0025 pos_sim=0.1769 ssl_loss=7.4702 t_teacher=0.2000 | ETA=00:03:56
[moco_v3][epoch 1/2] step 561/600 (global 561/1200) ema_m=0.9983 loss_main=7.4305 neg_sim=0.0049 pos_sim=0.1801 ssl_loss=7.4305 t_teacher=0.2000 | ETA=00:03:53
[moco_v3][epoch 1/2] step 571/600 (global 571/1200) ema_m=0.9984 loss_main=7.4057 neg_sim=0.0017 pos_sim=0.1856 ssl_loss=7.4057 t_teacher=0.2000 | ETA=00:03:49
[moco_v3][epoch 1/2] step 581/600 (global 581/1200) ema_m=0.9984 loss_main=7.8166 neg_sim=0.0045 pos_sim=0.1216 ssl_loss=7.8166 t_teacher=0.2000 | ETA=00:03:45
[moco_v3][epoch 1/2] step 591/600 (global 591/1200) ema_m=0.9985 loss_main=7.9134 neg_sim=0.0023 pos_sim=0.1224 ssl_loss=7.9134 t_teacher=0.2000 | ETA=00:03:42
[moco_v3][epoch 2/2] step 1/600 (global 601/1200) ema_m=0.9985 loss_main=7.7633 neg_sim=0.0032 pos_sim=0.1454 ssl_loss=7.7633 t_teacher=0.2000 | ETA=00:03:40
[moco_v3][epoch 2/2] step 11/600 (global 611/1200) ema_m=0.9985 loss_main=7.7330 neg_sim=0.0081 pos_sim=0.1404 ssl_loss=7.7330 t_teacher=0.2000 | ETA=00:03:36
[moco_v3][epoch 2/2] step 21/600 (global 621/1200) ema_m=0.9986 loss_main=7.4344 neg_sim=0.0081 pos_sim=0.1883 ssl_loss=7.4344 t_teacher=0.2000 | ETA=00:03:32
[moco_v3][epoch 2/2] step 31/600 (global 631/1200) ema_m=0.9986 loss_main=7.3805 neg_sim=0.0088 pos_sim=0.1721 ssl_loss=7.3805 t_teacher=0.2000 | ETA=00:03:29
[moco_v3][epoch 2/2] step 41/600 (global 641/1200) ema_m=0.9987 loss_main=7.7242 neg_sim=0.0085 pos_sim=0.1318 ssl_loss=7.7242 t_teacher=0.2000 | ETA=00:03:25
[moco_v3][epoch 2/2] step 51/600 (global 651/1200) ema_m=0.9987 loss_main=7.6381 neg_sim=0.0039 pos_sim=0.1392 ssl_loss=7.6381 t_teacher=0.2000 | ETA=00:03:21
[moco_v3][epoch 2/2] step 61/600 (global 661/1200) ema_m=0.9987 loss_main=7.8195 neg_sim=0.0037 pos_sim=0.1428 ssl_loss=7.8195 t_teacher=0.2000 | ETA=00:03:17
[moco_v3][epoch 2/2] step 71/600 (global 671/1200) ema_m=0.9988 loss_main=7.6329 neg_sim=0.0030 pos_sim=0.1727 ssl_loss=7.6329 t_teacher=0.2000 | ETA=00:03:14
[moco_v3][epoch 2/2] step 81/600 (global 681/1200) ema_m=0.9988 loss_main=7.3788 neg_sim=0.0028 pos_sim=0.1772 ssl_loss=7.3788 t_teacher=0.2000 | ETA=00:03:10
[moco_v3][epoch 2/2] step 91/600 (global 691/1200) ema_m=0.9989 loss_main=7.6943 neg_sim=0.0044 pos_sim=0.1510 ssl_loss=7.6943 t_teacher=0.2000 | ETA=00:03:06
[moco_v3][epoch 2/2] step 101/600 (global 701/1200) ema_m=0.9989 loss_main=7.5916 neg_sim=0.0026 pos_sim=0.1547 ssl_loss=7.5916 t_teacher=0.2000 | ETA=00:03:03
[moco_v3][epoch 2/2] step 111/600 (global 711/1200) ema_m=0.9989 loss_main=7.7108 neg_sim=0.0052 pos_sim=0.1565 ssl_loss=7.7108 t_teacher=0.2000 | ETA=00:02:59
[moco_v3][epoch 2/2] step 121/600 (global 721/1200) ema_m=0.9990 loss_main=7.4474 neg_sim=0.0077 pos_sim=0.1861 ssl_loss=7.4474 t_teacher=0.2000 | ETA=00:02:55
[moco_v3][epoch 2/2] step 131/600 (global 731/1200) ema_m=0.9990 loss_main=7.3997 neg_sim=0.0031 pos_sim=0.1813 ssl_loss=7.3997 t_teacher=0.2000 | ETA=00:02:51
[moco_v3][epoch 2/2] step 141/600 (global 741/1200) ema_m=0.9990 loss_main=7.7177 neg_sim=0.0036 pos_sim=0.1519 ssl_loss=7.7177 t_teacher=0.2000 | ETA=00:02:48
[moco_v3][epoch 2/2] step 151/600 (global 751/1200) ema_m=0.9991 loss_main=7.5442 neg_sim=0.0026 pos_sim=0.1669 ssl_loss=7.5442 t_teacher=0.2000 | ETA=00:02:44
[moco_v3][epoch 2/2] step 161/600 (global 761/1200) ema_m=0.9991 loss_main=7.4719 neg_sim=0.0056 pos_sim=0.1743 ssl_loss=7.4719 t_teacher=0.2000 | ETA=00:02:40
[moco_v3][epoch 2/2] step 171/600 (global 771/1200) ema_m=0.9991 loss_main=7.4058 neg_sim=0.0036 pos_sim=0.2003 ssl_loss=7.4058 t_teacher=0.2000 | ETA=00:02:37
[moco_v3][epoch 2/2] step 181/600 (global 781/1200) ema_m=0.9992 loss_main=7.6276 neg_sim=0.0064 pos_sim=0.1484 ssl_loss=7.6276 t_teacher=0.2000 | ETA=00:02:33
[moco_v3][epoch 2/2] step 191/600 (global 791/1200) ema_m=0.9992 loss_main=7.5635 neg_sim=0.0090 pos_sim=0.1738 ssl_loss=7.5635 t_teacher=0.2000 | ETA=00:02:29
[moco_v3][epoch 2/2] step 201/600 (global 801/1200) ema_m=0.9993 loss_main=7.4519 neg_sim=0.0083 pos_sim=0.1847 ssl_loss=7.4519 t_teacher=0.2000 | ETA=00:02:26
[moco_v3][epoch 2/2] step 211/600 (global 811/1200) ema_m=0.9993 loss_main=7.9120 neg_sim=0.0050 pos_sim=0.1243 ssl_loss=7.9120 t_teacher=0.2000 | ETA=00:02:22
[moco_v3][epoch 2/2] step 221/600 (global 821/1200) ema_m=0.9993 loss_main=7.7085 neg_sim=0.0045 pos_sim=0.1480 ssl_loss=7.7085 t_teacher=0.2000 | ETA=00:02:18
[moco_v3][epoch 2/2] step 231/600 (global 831/1200) ema_m=0.9994 loss_main=7.6057 neg_sim=0.0057 pos_sim=0.1631 ssl_loss=7.6057 t_teacher=0.2000 | ETA=00:02:14
[moco_v3][epoch 2/2] step 241/600 (global 841/1200) ema_m=0.9994 loss_main=7.2772 neg_sim=0.0029 pos_sim=0.1907 ssl_loss=7.2772 t_teacher=0.2000 | ETA=00:02:11
[moco_v3][epoch 2/2] step 251/600 (global 851/1200) ema_m=0.9994 loss_main=7.5097 neg_sim=0.0082 pos_sim=0.1911 ssl_loss=7.5097 t_teacher=0.2000 | ETA=00:02:07
[moco_v3][epoch 2/2] step 261/600 (global 861/1200) ema_m=0.9994 loss_main=7.6444 neg_sim=0.0036 pos_sim=0.1555 ssl_loss=7.6444 t_teacher=0.2000 | ETA=00:02:03
[moco_v3][epoch 2/2] step 271/600 (global 871/1200) ema_m=0.9995 loss_main=7.4615 neg_sim=0.0004 pos_sim=0.1826 ssl_loss=7.4615 t_teacher=0.2000 | ETA=00:02:00
[moco_v3][epoch 2/2] step 281/600 (global 881/1200) ema_m=0.9995 loss_main=7.4875 neg_sim=0.0077 pos_sim=0.1811 ssl_loss=7.4875 t_teacher=0.2000 | ETA=00:01:56
[moco_v3][epoch 2/2] step 291/600 (global 891/1200) ema_m=0.9995 loss_main=7.6131 neg_sim=0.0073 pos_sim=0.1627 ssl_loss=7.6131 t_teacher=0.2000 | ETA=00:01:52
[moco_v3][epoch 2/2] step 301/600 (global 901/1200) ema_m=0.9996 loss_main=7.5722 neg_sim=0.0052 pos_sim=0.1874 ssl_loss=7.5722 t_teacher=0.2000 | ETA=00:01:49
[moco_v3][epoch 2/2] step 311/600 (global 911/1200) ema_m=0.9996 loss_main=7.3535 neg_sim=0.0007 pos_sim=0.1921 ssl_loss=7.3535 t_teacher=0.2000 | ETA=00:01:45
[moco_v3][epoch 2/2] step 321/600 (global 921/1200) ema_m=0.9996 loss_main=7.5092 neg_sim=0.0030 pos_sim=0.1709 ssl_loss=7.5092 t_teacher=0.2000 | ETA=00:01:41
[moco_v3][epoch 2/2] step 331/600 (global 931/1200) ema_m=0.9996 loss_main=7.4634 neg_sim=0.0041 pos_sim=0.1683 ssl_loss=7.4634 t_teacher=0.2000 | ETA=00:01:38
[moco_v3][epoch 2/2] step 341/600 (global 941/1200) ema_m=0.9997 loss_main=7.4360 neg_sim=0.0072 pos_sim=0.1836 ssl_loss=7.4360 t_teacher=0.2000 | ETA=00:01:34
[moco_v3][epoch 2/2] step 351/600 (global 951/1200) ema_m=0.9997 loss_main=7.4558 neg_sim=0.0045 pos_sim=0.1646 ssl_loss=7.4558 t_teacher=0.2000 | ETA=00:01:30
[moco_v3][epoch 2/2] step 361/600 (global 961/1200) ema_m=0.9997 loss_main=7.2843 neg_sim=0.0073 pos_sim=0.2003 ssl_loss=7.2843 t_teacher=0.2000 | ETA=00:01:27
[moco_v3][epoch 2/2] step 371/600 (global 971/1200) ema_m=0.9997 loss_main=7.3263 neg_sim=0.0045 pos_sim=0.2062 ssl_loss=7.3263 t_teacher=0.2000 | ETA=00:01:23
[moco_v3][epoch 2/2] step 381/600 (global 981/1200) ema_m=0.9998 loss_main=7.4554 neg_sim=0.0040 pos_sim=0.1675 ssl_loss=7.4554 t_teacher=0.2000 | ETA=00:01:19
[moco_v3][epoch 2/2] step 391/600 (global 991/1200) ema_m=0.9998 loss_main=7.0285 neg_sim=0.0079 pos_sim=0.2222 ssl_loss=7.0285 t_teacher=0.2000 | ETA=00:01:16
[moco_v3][epoch 2/2] step 401/600 (global 1001/1200) ema_m=0.9998 loss_main=7.1021 neg_sim=0.0079 pos_sim=0.2119 ssl_loss=7.1021 t_teacher=0.2000 | ETA=00:01:12
[moco_v3][epoch 2/2] step 411/600 (global 1011/1200) ema_m=0.9998 loss_main=7.4325 neg_sim=0.0030 pos_sim=0.1833 ssl_loss=7.4325 t_teacher=0.2000 | ETA=00:01:08
[moco_v3][epoch 2/2] step 421/600 (global 1021/1200) ema_m=0.9998 loss_main=7.1001 neg_sim=0.0062 pos_sim=0.2228 ssl_loss=7.1001 t_teacher=0.2000 | ETA=00:01:05
[moco_v3][epoch 2/2] step 431/600 (global 1031/1200) ema_m=0.9999 loss_main=7.1479 neg_sim=0.0033 pos_sim=0.2180 ssl_loss=7.1479 t_teacher=0.2000 | ETA=00:01:01
[moco_v3][epoch 2/2] step 441/600 (global 1041/1200) ema_m=0.9999 loss_main=7.1333 neg_sim=0.0034 pos_sim=0.2225 ssl_loss=7.1333 t_teacher=0.2000 | ETA=00:00:57
[moco_v3][epoch 2/2] step 451/600 (global 1051/1200) ema_m=0.9999 loss_main=7.2835 neg_sim=0.0017 pos_sim=0.2112 ssl_loss=7.2835 t_teacher=0.2000 | ETA=00:00:54
[moco_v3][epoch 2/2] step 461/600 (global 1061/1200) ema_m=0.9999 loss_main=7.2915 neg_sim=0.0080 pos_sim=0.2052 ssl_loss=7.2915 t_teacher=0.2000 | ETA=00:00:50
[moco_v3][epoch 2/2] step 471/600 (global 1071/1200) ema_m=0.9999 loss_main=7.5038 neg_sim=0.0037 pos_sim=0.1714 ssl_loss=7.5038 t_teacher=0.2000 | ETA=00:00:47
[moco_v3][epoch 2/2] step 481/600 (global 1081/1200) ema_m=0.9999 loss_main=7.1580 neg_sim=0.0048 pos_sim=0.2027 ssl_loss=7.1580 t_teacher=0.2000 | ETA=00:00:43
[moco_v3][epoch 2/2] step 491/600 (global 1091/1200) ema_m=0.9999 loss_main=7.2780 neg_sim=0.0080 pos_sim=0.2019 ssl_loss=7.2780 t_teacher=0.2000 | ETA=00:00:39
[moco_v3][epoch 2/2] step 501/600 (global 1101/1200) ema_m=0.9999 loss_main=7.4745 neg_sim=0.0052 pos_sim=0.1709 ssl_loss=7.4745 t_teacher=0.2000 | ETA=00:00:36
[moco_v3][epoch 2/2] step 511/600 (global 1111/1200) ema_m=1.0000 loss_main=7.3085 neg_sim=0.0023 pos_sim=0.2100 ssl_loss=7.3085 t_teacher=0.2000 | ETA=00:00:32
[moco_v3][epoch 2/2] step 521/600 (global 1121/1200) ema_m=1.0000 loss_main=7.4424 neg_sim=0.0077 pos_sim=0.2086 ssl_loss=7.4424 t_teacher=0.2000 | ETA=00:00:28
[moco_v3][epoch 2/2] step 531/600 (global 1131/1200) ema_m=1.0000 loss_main=7.3552 neg_sim=0.0024 pos_sim=0.2008 ssl_loss=7.3552 t_teacher=0.2000 | ETA=00:00:25
[moco_v3][epoch 2/2] step 541/600 (global 1141/1200) ema_m=1.0000 loss_main=7.3555 neg_sim=0.0058 pos_sim=0.1969 ssl_loss=7.3555 t_teacher=0.2000 | ETA=00:00:21
[moco_v3][epoch 2/2] step 551/600 (global 1151/1200) ema_m=1.0000 loss_main=7.2849 neg_sim=0.0043 pos_sim=0.2065 ssl_loss=7.2849 t_teacher=0.2000 | ETA=00:00:17
[moco_v3][epoch 2/2] step 561/600 (global 1161/1200) ema_m=1.0000 loss_main=7.3693 neg_sim=0.0025 pos_sim=0.1855 ssl_loss=7.3693 t_teacher=0.2000 | ETA=00:00:14
[moco_v3][epoch 2/2] step 571/600 (global 1171/1200) ema_m=1.0000 loss_main=7.2646 neg_sim=0.0021 pos_sim=0.2121 ssl_loss=7.2646 t_teacher=0.2000 | ETA=00:00:10
[moco_v3][epoch 2/2] step 581/600 (global 1181/1200) ema_m=1.0000 loss_main=7.2201 neg_sim=0.0027 pos_sim=0.2063 ssl_loss=7.2201 t_teacher=0.2000 | ETA=00:00:06
[moco_v3][epoch 2/2] step 591/600 (global 1191/1200) ema_m=1.0000 loss_main=7.2002 neg_sim=0.0012 pos_sim=0.2100 ssl_loss=7.2002 t_teacher=0.2000 | ETA=00:00:03
[moco_v3][epoch 2/2] step 600/600 (global 1200/1200) ema_m=1.0000 loss_main=7.0596 neg_sim=0.0022 pos_sim=0.2133 ssl_loss=7.0596 t_teacher=0.2000 | ETA=00:00:00
