GPU 0: NVIDIA A40 (UUID: GPU-c80f01a1-eb79-6693-574d-5831e60d9e56)
Torch 2.5.1 CUDA True NGPU 1
              0   0%    0.00kB/s    0:00:00 (xfr#0, to-chk=33/37)              0   0%    0.00kB/s    0:00:00 (xfr#0, to-chk=27/37)              0   0%    0.00kB/s    0:00:00 (xfr#0, to-chk=8/37)               0   0%    0.00kB/s    0:00:00 (xfr#0, to-chk=0/37)
[paths] project_root=/beegfs-scratch/mla_group_01/workspace/mla_group_01/wsi-ssrl-rcc_project outputs_root=/beegfs-scratch/mla_group_01/workspace/mla_group_01/wsi-ssrl-rcc_project/outputs/mlruns
[paths] webdataset.rcc_v2: train=/tmp/data/processed/rcc_webdataset_v2/train val=/tmp/data/processed/rcc_webdataset_v2/val test=/tmp/data/processed/rcc_webdataset_v2/test
[paths] dataset_key=rcc_v2 -> train=/tmp/data/processed/rcc_webdataset_v2/train val=/tmp/data/processed/rcc_webdataset_v2/val test=/tmp/data/processed/rcc_webdataset_v2/test
[RUN][moco_v3] device=cuda
[moco_v3][epoch 1/1] step 1/5 (global 1/5) loss_info_nce=4.1414 loss_total=4.1414 | ETA=00:00:05
[moco_v3][epoch 1/1] step 2/5 (global 2/5) loss_info_nce=4.2062 loss_total=4.2062 | ETA=00:00:02
[moco_v3][step 2/5] ETA=00:02 dt/step=1.43s loss_info_nce=4.1479 loss_total=4.1479
[moco_v3][epoch 1/1] step 3/5 (global 3/5) loss_info_nce=4.8005 loss_total=4.8005 | ETA=00:00:01
[moco_v3][epoch 1/1] step 4/5 (global 4/5) loss_info_nce=4.3598 loss_total=4.3598 | ETA=00:00:00
[moco_v3][step 4/5] ETA=00:00 dt/step=1.29s loss_info_nce=4.2278 loss_total=4.2278
[moco_v3][epoch 1/1] step 5/5 (global 5/5) loss_info_nce=4.2202 loss_total=4.2202 | ETA=00:00:00
[validate] Running validate_outputs.py for exp_20251028-114516/rcc_debug_sanity_all_models
[INFO] Validating: /beegfs-scratch/mla_group_01/workspace/mla_group_01/wsi-ssrl-rcc_project/outputs/mlruns/experiments/exp_20251028-114516/rcc_debug_sanity_all_models
[OK] moco_v3 — issues:0 warnings:8
[paths] dataset_key=rcc_v2 -> train=/tmp/data/processed/rcc_webdataset_v2/train val=/tmp/data/processed/rcc_webdataset_v2/val test=/tmp/data/processed/rcc_webdataset_v2/test
[RUN][ibot] device=cuda
[ibot][epoch 1/1] step 1/5 (global 1/5) loss_cls=12.4275 loss_tok=6.9771 loss_total=19.4046 | ETA=00:00:02
[ibot][epoch 1/1] step 2/5 (global 2/5) loss_cls=10.2932 loss_tok=6.9637 loss_total=17.2569 | ETA=00:00:01
[ibot][step 2/5] ETA=00:01 dt/step=1.00s loss_cls=12.2141 loss_tok=6.9757 loss_total=19.1898
[ibot][epoch 1/1] step 3/5 (global 3/5) loss_cls=9.1309 loss_tok=6.9578 loss_total=16.0887 | ETA=00:00:01
[ibot][epoch 1/1] step 4/5 (global 4/5) loss_cls=8.2373 loss_tok=6.9562 loss_total=15.1935 | ETA=00:00:00
[ibot][step 4/5] ETA=00:00 dt/step=1.71s loss_cls=11.5389 loss_tok=6.9722 loss_total=18.5111
[ibot][epoch 1/1] step 5/5 (global 5/5) loss_cls=7.6713 loss_tok=6.9549 loss_total=14.6262 | ETA=00:00:00
[validate] Running validate_outputs.py for exp_20251028-114516/rcc_debug_sanity_all_models
[INFO] Validating: /beegfs-scratch/mla_group_01/workspace/mla_group_01/wsi-ssrl-rcc_project/outputs/mlruns/experiments/exp_20251028-114516/rcc_debug_sanity_all_models
[OK] moco_v3 — issues:0 warnings:8
[OK] ibot — issues:0 warnings:8
[paths] dataset_key=rcc_v2 -> train=/tmp/data/processed/rcc_webdataset_v2/train val=/tmp/data/processed/rcc_webdataset_v2/val test=/tmp/data/processed/rcc_webdataset_v2/test
[RUN][i_jepa] device=cuda
[i_jepa][epoch 1/1] step 1/5 (global 1/5) loss_ijepa=1.4090 loss_total=1.4090 | ETA=00:00:03
[i_jepa][epoch 1/1] step 2/5 (global 2/5) loss_ijepa=0.6198 loss_total=0.6198 | ETA=00:00:01
[i_jepa][step 2/5] ETA=00:01 dt/step=0.89s loss_ijepa=1.3301 loss_total=1.3301
[i_jepa][epoch 1/1] step 3/5 (global 3/5) loss_ijepa=0.9936 loss_total=0.9936 | ETA=00:00:00
[i_jepa][epoch 1/1] step 4/5 (global 4/5) loss_ijepa=0.4553 loss_total=0.4553 | ETA=00:00:00
[i_jepa][step 4/5] ETA=00:00 dt/step=0.12s loss_ijepa=1.2123 loss_total=1.2123
[i_jepa][epoch 1/1] step 5/5 (global 5/5) loss_ijepa=0.4083 loss_total=0.4083 | ETA=00:00:00
[validate] Running validate_outputs.py for exp_20251028-114516/rcc_debug_sanity_all_models
[INFO] Validating: /beegfs-scratch/mla_group_01/workspace/mla_group_01/wsi-ssrl-rcc_project/outputs/mlruns/experiments/exp_20251028-114516/rcc_debug_sanity_all_models
[OK] moco_v3 — issues:0 warnings:8
[OK] ibot — issues:0 warnings:8
[OK] i_jepa — issues:0 warnings:8
[paths] dataset_key=rcc_v2 -> train=/tmp/data/processed/rcc_webdataset_v2/train val=/tmp/data/processed/rcc_webdataset_v2/val test=/tmp/data/processed/rcc_webdataset_v2/test
[RUN][dino_v3] device=cuda
[dino_v3][epoch 1/1] step 1/5 (global 1/5) loss_global=26.0947 loss_gram=0.0080 loss_total=26.0963 | ETA=00:00:05
[dino_v3][epoch 1/1] step 2/5 (global 2/5) loss_global=23.2877 loss_gram=0.0214 loss_total=23.2920 | ETA=00:00:02
[dino_v3][step 2/5] ETA=00:02 dt/step=1.51s loss_global=25.8140 loss_gram=0.0094 loss_total=25.8159
[dino_v3][epoch 1/1] step 3/5 (global 3/5) loss_global=20.2426 loss_gram=0.0127 loss_total=20.2452 | ETA=00:00:01
[dino_v3][epoch 1/1] step 4/5 (global 4/5) loss_global=16.8069 loss_gram=0.0206 loss_total=16.8110 | ETA=00:00:00
[dino_v3][step 4/5] ETA=00:00 dt/step=1.83s loss_global=24.4119 loss_gram=0.0108 loss_total=24.4140
[dino_v3][epoch 1/1] step 5/5 (global 5/5) loss_global=11.4521 loss_gram=0.0120 loss_total=11.4545 | ETA=00:00:00
[validate] Running validate_outputs.py for exp_20251028-114516/rcc_debug_sanity_all_models
[INFO] Validating: /beegfs-scratch/mla_group_01/workspace/mla_group_01/wsi-ssrl-rcc_project/outputs/mlruns/experiments/exp_20251028-114516/rcc_debug_sanity_all_models
[OK] moco_v3 — issues:0 warnings:8
[OK] ibot — issues:0 warnings:8
[OK] i_jepa — issues:0 warnings:8
[OK] dino_v3 — issues:0 warnings:8
[paths] dataset_key=rcc_v2 -> train=/tmp/data/processed/rcc_webdataset_v2/train val=/tmp/data/processed/rcc_webdataset_v2/val test=/tmp/data/processed/rcc_webdataset_v2/test
[RUN][resnet50_scratch] device=cuda
[resnet50_scratch][train] [1/32] ETA=00:00:19 loss=1.8069 acc=0.2500 dt/step=0.40s
[resnet50_scratch][train] [2/32] ETA=00:00:09 loss=1.9351 acc=0.2500 dt/step=0.02s
[resnet50_scratch][train] [4/32] ETA=00:00:06 loss=2.1942 acc=0.0000 dt/step=0.02s
[resnet50_scratch][train] [6/32] ETA=00:00:07 loss=2.0070 acc=0.1250 dt/step=0.02s
[resnet50_scratch][train] [8/32] ETA=00:00:07 loss=2.8689 acc=0.0000 dt/step=0.02s
[resnet50_scratch][train] [10/32] ETA=00:00:08 loss=2.0548 acc=0.3750 dt/step=0.02s
[resnet50_scratch][train] [12/32] ETA=00:00:08 loss=2.0188 acc=0.1250 dt/step=0.02s
[resnet50_scratch][train] [14/32] ETA=00:00:08 loss=1.7939 acc=0.2500 dt/step=0.02s
[resnet50_scratch][train] [16/32] ETA=00:00:08 loss=1.6116 acc=0.5000 dt/step=0.02s
[resnet50_scratch][train] [18/32] ETA=00:00:08 loss=2.4615 acc=0.1250 dt/step=0.02s
[resnet50_scratch][train] [20/32] ETA=00:00:07 loss=1.3323 acc=0.5000 dt/step=0.02s
[resnet50_scratch][train] [22/32] ETA=00:00:07 loss=1.2607 acc=0.6250 dt/step=0.02s
[resnet50_scratch][train] [24/32] ETA=00:00:06 loss=1.2458 acc=0.5000 dt/step=0.02s
[resnet50_scratch][train] [26/32] ETA=00:00:04 loss=2.8311 acc=0.3750 dt/step=0.02s
[resnet50_scratch][train] [28/32] ETA=00:00:03 loss=1.2180 acc=0.2500 dt/step=0.02s
[resnet50_scratch][train] [30/32] ETA=00:00:01 loss=0.8164 acc=0.7500 dt/step=0.02s
[resnet50_scratch][train] [32/32] ETA=00:00:00 loss=1.1643 acc=0.3750 dt/step=0.02s
[resnet50_scratch][val] [1/32] ETA=00:00:07 loss=30.3516 acc=0.0000 dt/step=0.01s
[resnet50_scratch][val] [2/32] ETA=00:00:05 loss=10.3679 acc=0.0000 dt/step=0.00s
[resnet50_scratch][val] [4/32] ETA=00:00:06 loss=10.8057 acc=0.0000 dt/step=0.00s
[resnet50_scratch][val] [6/32] ETA=00:00:07 loss=10.0654 acc=0.0000 dt/step=0.00s
[resnet50_scratch][val] [8/32] ETA=00:00:08 loss=9.1074 acc=0.0000 dt/step=0.00s
[resnet50_scratch][val] [10/32] ETA=00:00:08 loss=12.1636 acc=0.0000 dt/step=0.00s
[resnet50_scratch][val] [12/32] ETA=00:00:08 loss=12.4775 acc=0.0000 dt/step=0.00s
[resnet50_scratch][val] [14/32] ETA=00:00:09 loss=8.7275 acc=0.0000 dt/step=0.00s
[resnet50_scratch][val] [16/32] ETA=00:00:08 loss=11.0825 acc=0.0000 dt/step=0.00s
[resnet50_scratch][val] [18/32] ETA=00:00:08 loss=11.8774 acc=0.0000 dt/step=0.00s
[resnet50_scratch][val] [20/32] ETA=00:00:08 loss=12.6553 acc=0.0000 dt/step=0.00s
[resnet50_scratch][val] [22/32] ETA=00:00:07 loss=8.3042 acc=0.0000 dt/step=0.00s
[resnet50_scratch][val] [24/32] ETA=00:00:06 loss=9.9272 acc=0.0000 dt/step=0.00s
[resnet50_scratch][val] [26/32] ETA=00:00:05 loss=7.4661 acc=0.0000 dt/step=0.00s
[resnet50_scratch][val] [28/32] ETA=00:00:03 loss=11.5723 acc=0.0000 dt/step=0.00s
[resnet50_scratch][val] [30/32] ETA=00:00:01 loss=8.1394 acc=0.0000 dt/step=0.00s
[resnet50_scratch][val] [32/32] ETA=00:00:00 loss=8.4370 acc=0.0000 dt/step=0.00s
[resnet50_scratch][epoch 1/1] val_acc=0.0000 val_loss=19.1233 | ETA=00:00:00
[validate] Running validate_outputs.py for exp_20251028-114516/rcc_debug_sanity_all_models
[INFO] Validating: /beegfs-scratch/mla_group_01/workspace/mla_group_01/wsi-ssrl-rcc_project/outputs/mlruns/experiments/exp_20251028-114516/rcc_debug_sanity_all_models
[OK] moco_v3 — issues:0 warnings:8
[OK] ibot — issues:0 warnings:8
[OK] i_jepa — issues:0 warnings:8
[OK] dino_v3 — issues:0 warnings:8
[OK] resnet50_scratch — issues:0 warnings:2
[paths] dataset_key=rcc_v2 -> train=/tmp/data/processed/rcc_webdataset_v2/train val=/tmp/data/processed/rcc_webdataset_v2/val test=/tmp/data/processed/rcc_webdataset_v2/test
[RUN][resnet50_transfer] device=cuda
[resnet50_transfer][train] [1/32] ETA=00:00:09 loss=1.6451 acc=0.1250 dt/step=0.01s
[resnet50_transfer][train] [2/32] ETA=00:00:07 loss=1.5459 acc=0.5000 dt/step=0.01s
[resnet50_transfer][train] [4/32] ETA=00:00:07 loss=1.5972 acc=0.3750 dt/step=0.01s
[resnet50_transfer][train] [6/32] ETA=00:00:08 loss=1.5430 acc=0.3750 dt/step=0.01s
[resnet50_transfer][train] [8/32] ETA=00:00:09 loss=1.5614 acc=0.3750 dt/step=0.01s
[resnet50_transfer][train] [10/32] ETA=00:00:09 loss=1.4285 acc=0.5000 dt/step=0.01s
[resnet50_transfer][train] [12/32] ETA=00:00:10 loss=1.6688 acc=0.1250 dt/step=0.01s
[resnet50_transfer][train] [14/32] ETA=00:00:10 loss=1.4447 acc=0.3750 dt/step=0.01s
[resnet50_transfer][train] [16/32] ETA=00:00:10 loss=1.3928 acc=0.3750 dt/step=0.01s
[resnet50_transfer][train] [18/32] ETA=00:00:09 loss=1.4860 acc=0.1250 dt/step=0.01s
[resnet50_transfer][train] [20/32] ETA=00:00:09 loss=1.3599 acc=0.3750 dt/step=0.01s
[resnet50_transfer][train] [22/32] ETA=00:00:08 loss=1.4548 acc=0.5000 dt/step=0.01s
[resnet50_transfer][train] [24/32] ETA=00:00:07 loss=1.5328 acc=0.0000 dt/step=0.01s
[resnet50_transfer][train] [26/32] ETA=00:00:05 loss=1.4257 acc=0.1250 dt/step=0.01s
[resnet50_transfer][train] [28/32] ETA=00:00:04 loss=1.5317 acc=0.2500 dt/step=0.01s
[resnet50_transfer][train] [30/32] ETA=00:00:02 loss=1.2631 acc=0.5000 dt/step=0.01s
[resnet50_transfer][train] [32/32] ETA=00:00:00 loss=1.2485 acc=0.8750 dt/step=0.01s
[resnet50_transfer][val] [1/32] ETA=00:00:08 loss=1.2413 acc=0.6250 dt/step=0.01s
[resnet50_transfer][val] [2/32] ETA=00:00:06 loss=1.1702 acc=0.8750 dt/step=0.00s
[resnet50_transfer][val] [4/32] ETA=00:00:07 loss=1.1501 acc=0.7500 dt/step=0.00s
[resnet50_transfer][val] [6/32] ETA=00:00:08 loss=1.2578 acc=0.5000 dt/step=0.00s
[resnet50_transfer][val] [8/32] ETA=00:00:09 loss=1.2311 acc=0.3750 dt/step=0.00s
[resnet50_transfer][val] [10/32] ETA=00:00:09 loss=1.2742 acc=0.5000 dt/step=0.00s
[resnet50_transfer][val] [12/32] ETA=00:00:10 loss=1.2494 acc=0.6250 dt/step=0.00s
[resnet50_transfer][val] [14/32] ETA=00:00:10 loss=1.2213 acc=0.6250 dt/step=0.00s
[resnet50_transfer][val] [16/32] ETA=00:00:10 loss=1.2004 acc=0.8750 dt/step=0.00s
[resnet50_transfer][val] [18/32] ETA=00:00:10 loss=1.2377 acc=0.5000 dt/step=0.00s
[resnet50_transfer][val] [20/32] ETA=00:00:09 loss=1.1604 acc=0.8750 dt/step=0.00s
[resnet50_transfer][val] [22/32] ETA=00:00:08 loss=1.1863 acc=0.8750 dt/step=0.00s
[resnet50_transfer][val] [24/32] ETA=00:00:07 loss=1.2206 acc=0.3750 dt/step=0.00s
[resnet50_transfer][val] [26/32] ETA=00:00:06 loss=1.1661 acc=0.8750 dt/step=0.00s
[resnet50_transfer][val] [28/32] ETA=00:00:04 loss=1.2175 acc=1.0000 dt/step=0.00s
[resnet50_transfer][val] [30/32] ETA=00:00:02 loss=1.1945 acc=0.7500 dt/step=0.00s
[resnet50_transfer][val] [32/32] ETA=00:00:00 loss=1.0922 acc=1.0000 dt/step=0.00s
[resnet50_transfer][epoch 1/1] val_acc=0.7344 val_loss=1.1946 | ETA=00:00:00
[validate] Running validate_outputs.py for exp_20251028-114516/rcc_debug_sanity_all_models
[INFO] Validating: /beegfs-scratch/mla_group_01/workspace/mla_group_01/wsi-ssrl-rcc_project/outputs/mlruns/experiments/exp_20251028-114516/rcc_debug_sanity_all_models
[OK] moco_v3 — issues:0 warnings:8
[OK] ibot — issues:0 warnings:8
[OK] i_jepa — issues:0 warnings:8
[OK] dino_v3 — issues:0 warnings:8
[OK] resnet50_scratch — issues:0 warnings:2
[OK] resnet50_transfer — issues:0 warnings:2
